{"C:\\Users\\brand\\OneDrive\\Documents\\Farm Idle Game\\src\\components\\ArchieIcon.tsx": {"path":"C:\\Users\\brand\\OneDrive\\Documents\\Farm Idle Game\\src\\components\\ArchieIcon.tsx","statementMap":{"0":{"start":{"line":17,"column":24},"end":{"line":17,"column":null}},"1":{"start":{"line":19,"column":46},"end":{"line":131,"column":null}},"2":{"start":{"line":28,"column":172},"end":{"line":28,"column":null}},"3":{"start":{"line":29,"column":32},"end":{"line":29,"column":null}},"4":{"start":{"line":30,"column":38},"end":{"line":30,"column":null}},"5":{"start":{"line":31,"column":50},"end":{"line":31,"column":null}},"6":{"start":{"line":32,"column":50},"end":{"line":32,"column":null}},"7":{"start":{"line":35,"column":2},"end":{"line":46,"column":null}},"8":{"start":{"line":36,"column":4},"end":{"line":45,"column":null}},"9":{"start":{"line":38,"column":6},"end":{"line":38,"column":null}},"10":{"start":{"line":38,"column":28},"end":{"line":38,"column":52}},"11":{"start":{"line":41,"column":6},"end":{"line":41,"column":null}},"12":{"start":{"line":44,"column":6},"end":{"line":44,"column":null}},"13":{"start":{"line":49,"column":2},"end":{"line":60,"column":null}},"14":{"start":{"line":50,"column":4},"end":{"line":59,"column":null}},"15":{"start":{"line":52,"column":6},"end":{"line":52,"column":null}},"16":{"start":{"line":55,"column":6},"end":{"line":55,"column":null}},"17":{"start":{"line":58,"column":6},"end":{"line":58,"column":null}},"18":{"start":{"line":63,"column":2},"end":{"line":84,"column":null}},"19":{"start":{"line":64,"column":4},"end":{"line":83,"column":null}},"20":{"start":{"line":65,"column":28},"end":{"line":65,"column":null}},"21":{"start":{"line":68,"column":6},"end":{"line":76,"column":null}},"22":{"start":{"line":69,"column":8},"end":{"line":69,"column":null}},"23":{"start":{"line":70,"column":6},"end":{"line":76,"column":null}},"24":{"start":{"line":72,"column":8},"end":{"line":72,"column":null}},"25":{"start":{"line":75,"column":8},"end":{"line":75,"column":null}},"26":{"start":{"line":78,"column":6},"end":{"line":78,"column":null}},"27":{"start":{"line":81,"column":6},"end":{"line":81,"column":null}},"28":{"start":{"line":82,"column":6},"end":{"line":82,"column":null}},"29":{"start":{"line":87,"column":22},"end":{"line":87,"column":null}},"30":{"start":{"line":88,"column":29},"end":{"line":88,"column":null}},"31":{"start":{"line":89,"column":20},"end":{"line":89,"column":null}},"32":{"start":{"line":92,"column":20},"end":{"line":92,"column":null}},"33":{"start":{"line":94,"column":2},"end":{"line":100,"column":null}},"34":{"start":{"line":95,"column":4},"end":{"line":95,"column":null}},"35":{"start":{"line":96,"column":2},"end":{"line":100,"column":null}},"36":{"start":{"line":97,"column":4},"end":{"line":97,"column":null}},"37":{"start":{"line":98,"column":2},"end":{"line":100,"column":null}},"38":{"start":{"line":99,"column":4},"end":{"line":99,"column":null}},"39":{"start":{"line":103,"column":2},"end":{"line":129,"column":null}},"40":{"start":{"line":111,"column":24},"end":{"line":117,"column":null}},"41":{"start":{"line":127,"column":23},"end":{"line":127,"column":null}}},"fnMap":{"0":{"name":"(anonymous_0)","decl":{"start":{"line":19,"column":46},"end":{"line":19,"column":47}},"loc":{"start":{"line":27,"column":6},"end":{"line":131,"column":null}},"line":27},"1":{"name":"(anonymous_1)","decl":{"start":{"line":35,"column":12},"end":{"line":35,"column":18}},"loc":{"start":{"line":35,"column":18},"end":{"line":46,"column":5}},"line":35},"2":{"name":"(anonymous_2)","decl":{"start":{"line":38,"column":15},"end":{"line":38,"column":28}},"loc":{"start":{"line":38,"column":28},"end":{"line":38,"column":52}},"line":38},"3":{"name":"(anonymous_3)","decl":{"start":{"line":49,"column":12},"end":{"line":49,"column":18}},"loc":{"start":{"line":49,"column":18},"end":{"line":60,"column":5}},"line":49},"4":{"name":"(anonymous_4)","decl":{"start":{"line":63,"column":12},"end":{"line":63,"column":18}},"loc":{"start":{"line":63,"column":18},"end":{"line":84,"column":5}},"line":63},"5":{"name":"(anonymous_5)","decl":{"start":{"line":111,"column":18},"end":{"line":111,"column":24}},"loc":{"start":{"line":111,"column":24},"end":{"line":117,"column":null}},"line":111},"6":{"name":"(anonymous_6)","decl":{"start":{"line":127,"column":17},"end":{"line":127,"column":23}},"loc":{"start":{"line":127,"column":23},"end":{"line":127,"column":null}},"line":127}},"branchMap":{"0":{"loc":{"start":{"line":24,"column":2},"end":{"line":24,"column":null}},"type":"default-arg","locations":[{"start":{"line":24,"column":27},"end":{"line":24,"column":null}}],"line":24},"1":{"loc":{"start":{"line":25,"column":2},"end":{"line":25,"column":null}},"type":"default-arg","locations":[{"start":{"line":25,"column":23},"end":{"line":25,"column":null}}],"line":25},"2":{"loc":{"start":{"line":36,"column":4},"end":{"line":45,"column":null}},"type":"if","locations":[{"start":{"line":36,"column":4},"end":{"line":45,"column":null}},{"start":{},"end":{}}],"line":36},"3":{"loc":{"start":{"line":50,"column":4},"end":{"line":59,"column":null}},"type":"if","locations":[{"start":{"line":50,"column":4},"end":{"line":59,"column":null}},{"start":{},"end":{}}],"line":50},"4":{"loc":{"start":{"line":50,"column":8},"end":{"line":50,"column":44}},"type":"binary-expr","locations":[{"start":{"line":50,"column":8},"end":{"line":50,"column":33}},{"start":{"line":50,"column":33},"end":{"line":50,"column":44}}],"line":50},"5":{"loc":{"start":{"line":64,"column":4},"end":{"line":83,"column":null}},"type":"if","locations":[{"start":{"line":64,"column":4},"end":{"line":83,"column":null}},{"start":{},"end":{}}],"line":64},"6":{"loc":{"start":{"line":64,"column":8},"end":{"line":64,"column":58}},"type":"binary-expr","locations":[{"start":{"line":64,"column":8},"end":{"line":64,"column":34}},{"start":{"line":64,"column":34},"end":{"line":64,"column":58}}],"line":64},"7":{"loc":{"start":{"line":65,"column":28},"end":{"line":65,"column":null}},"type":"cond-expr","locations":[{"start":{"line":65,"column":52},"end":{"line":65,"column":89}},{"start":{"line":65,"column":89},"end":{"line":65,"column":null}}],"line":65},"8":{"loc":{"start":{"line":68,"column":6},"end":{"line":76,"column":null}},"type":"if","locations":[{"start":{"line":68,"column":6},"end":{"line":76,"column":null}},{"start":{"line":70,"column":6},"end":{"line":76,"column":null}}],"line":68},"9":{"loc":{"start":{"line":68,"column":10},"end":{"line":68,"column":86}},"type":"binary-expr","locations":[{"start":{"line":68,"column":10},"end":{"line":68,"column":36}},{"start":{"line":68,"column":36},"end":{"line":68,"column":62}},{"start":{"line":68,"column":62},"end":{"line":68,"column":86}}],"line":68},"10":{"loc":{"start":{"line":70,"column":6},"end":{"line":76,"column":null}},"type":"if","locations":[{"start":{"line":70,"column":6},"end":{"line":76,"column":null}},{"start":{"line":73,"column":13},"end":{"line":76,"column":null}}],"line":70},"11":{"loc":{"start":{"line":94,"column":2},"end":{"line":100,"column":null}},"type":"if","locations":[{"start":{"line":94,"column":2},"end":{"line":100,"column":null}},{"start":{"line":96,"column":2},"end":{"line":100,"column":null}}],"line":94},"12":{"loc":{"start":{"line":96,"column":2},"end":{"line":100,"column":null}},"type":"if","locations":[{"start":{"line":96,"column":2},"end":{"line":100,"column":null}},{"start":{"line":98,"column":2},"end":{"line":100,"column":null}}],"line":96},"13":{"loc":{"start":{"line":98,"column":2},"end":{"line":100,"column":null}},"type":"if","locations":[{"start":{"line":98,"column":2},"end":{"line":100,"column":null}},{"start":{},"end":{}}],"line":98},"14":{"loc":{"start":{"line":105,"column":7},"end":{"line":119,"column":null}},"type":"binary-expr","locations":[{"start":{"line":105,"column":7},"end":{"line":105,"column":null}},{"start":{"line":106,"column":8},"end":{"line":119,"column":null}}],"line":105}},"s":{"0":1,"1":1,"2":28,"3":28,"4":28,"5":28,"6":28,"7":28,"8":20,"9":4,"10":0,"11":4,"12":4,"13":28,"14":12,"15":0,"16":0,"17":0,"18":28,"19":24,"20":4,"21":4,"22":0,"23":4,"24":0,"25":4,"26":4,"27":4,"28":4,"29":28,"30":28,"31":28,"32":28,"33":28,"34":1,"35":27,"36":0,"37":27,"38":0,"39":28,"40":4,"41":1},"f":{"0":28,"1":20,"2":0,"3":12,"4":24,"5":4,"6":1},"b":{"0":[28],"1":[28],"2":[4,16],"3":[0,12],"4":[12,0],"5":[4,20],"6":[24,20],"7":[0,4],"8":[0,4],"9":[4,0,0],"10":[0,4],"11":[1,27],"12":[0,27],"13":[0,27],"14":[28,15]},"meta":{"lastBranch":15,"lastFunction":7,"lastStatement":42,"seen":{"s:17:24:17:Infinity":0,"s:19:46:131:Infinity":1,"f:19:46:19:47":0,"b:24:27:24:Infinity":0,"b:25:23:25:Infinity":1,"s:28:172:28:Infinity":2,"s:29:32:29:Infinity":3,"s:30:38:30:Infinity":4,"s:31:50:31:Infinity":5,"s:32:50:32:Infinity":6,"s:35:2:46:Infinity":7,"f:35:12:35:18":1,"b:36:4:45:Infinity:undefined:undefined:undefined:undefined":2,"s:36:4:45:Infinity":8,"s:38:6:38:Infinity":9,"f:38:15:38:28":2,"s:38:28:38:52":10,"s:41:6:41:Infinity":11,"s:44:6:44:Infinity":12,"s:49:2:60:Infinity":13,"f:49:12:49:18":3,"b:50:4:59:Infinity:undefined:undefined:undefined:undefined":3,"s:50:4:59:Infinity":14,"b:50:8:50:33:50:33:50:44":4,"s:52:6:52:Infinity":15,"s:55:6:55:Infinity":16,"s:58:6:58:Infinity":17,"s:63:2:84:Infinity":18,"f:63:12:63:18":4,"b:64:4:83:Infinity:undefined:undefined:undefined:undefined":5,"s:64:4:83:Infinity":19,"b:64:8:64:34:64:34:64:58":6,"s:65:28:65:Infinity":20,"b:65:52:65:89:65:89:65:Infinity":7,"b:68:6:76:Infinity:70:6:76:Infinity":8,"s:68:6:76:Infinity":21,"b:68:10:68:36:68:36:68:62:68:62:68:86":9,"s:69:8:69:Infinity":22,"b:70:6:76:Infinity:73:13:76:Infinity":10,"s:70:6:76:Infinity":23,"s:72:8:72:Infinity":24,"s:75:8:75:Infinity":25,"s:78:6:78:Infinity":26,"s:81:6:81:Infinity":27,"s:82:6:82:Infinity":28,"s:87:22:87:Infinity":29,"s:88:29:88:Infinity":30,"s:89:20:89:Infinity":31,"s:92:20:92:Infinity":32,"b:94:2:100:Infinity:96:2:100:Infinity":11,"s:94:2:100:Infinity":33,"s:95:4:95:Infinity":34,"b:96:2:100:Infinity:98:2:100:Infinity":12,"s:96:2:100:Infinity":35,"s:97:4:97:Infinity":36,"b:98:2:100:Infinity:undefined:undefined:undefined:undefined":13,"s:98:2:100:Infinity":37,"s:99:4:99:Infinity":38,"s:103:2:129:Infinity":39,"b:105:7:105:Infinity:106:8:119:Infinity":14,"f:111:18:111:24":5,"s:111:24:117:Infinity":40,"f:127:17:127:23":6,"s:127:23:127:Infinity":41}}}
,"C:\\Users\\brand\\OneDrive\\Documents\\Farm Idle Game\\src\\components\\ProgressBar.tsx": {"path":"C:\\Users\\brand\\OneDrive\\Documents\\Farm Idle Game\\src\\components\\ProgressBar.tsx","statementMap":{"0":{"start":{"line":10,"column":6},"end":{"line":27,"column":null}},"1":{"start":{"line":11,"column":2},"end":{"line":26,"column":null}},"2":{"start":{"line":29,"column":0},"end":{"line":29,"column":null}}},"fnMap":{"0":{"name":"(anonymous_0)","decl":{"start":{"line":10,"column":53},"end":{"line":10,"column":54}},"loc":{"start":{"line":11,"column":2},"end":{"line":26,"column":null}},"line":11}},"branchMap":{"0":{"loc":{"start":{"line":10,"column":63},"end":{"line":10,"column":74}},"type":"default-arg","locations":[{"start":{"line":10,"column":69},"end":{"line":10,"column":74}}],"line":10},"1":{"loc":{"start":{"line":14,"column":24},"end":{"line":14,"column":64}},"type":"cond-expr","locations":[{"start":{"line":14,"column":53},"end":{"line":14,"column":62}},{"start":{"line":14,"column":62},"end":{"line":14,"column":64}}],"line":14},"2":{"loc":{"start":{"line":20,"column":20},"end":{"line":20,"column":null}},"type":"binary-expr","locations":[{"start":{"line":20,"column":20},"end":{"line":20,"column":29}},{"start":{"line":20,"column":29},"end":{"line":20,"column":null}}],"line":20}},"s":{"0":2,"1":20,"2":2},"f":{"0":20},"b":{"0":[20],"1":[1,19],"2":[20,19]},"meta":{"lastBranch":3,"lastFunction":1,"lastStatement":3,"seen":{"s:10:6:27:Infinity":0,"f:10:53:10:54":0,"s:11:2:26:Infinity":1,"b:10:69:10:74":0,"b:14:53:14:62:14:62:14:64":1,"b:20:20:20:29:20:29:20:Infinity":2,"s:29:0:29:Infinity":2}}}
,"C:\\Users\\brand\\OneDrive\\Documents\\Farm Idle Game\\src\\components\\RandomIcon.tsx": {"path":"C:\\Users\\brand\\OneDrive\\Documents\\Farm Idle Game\\src\\components\\RandomIcon.tsx","statementMap":{"0":{"start":{"line":16,"column":46},"end":{"line":194,"column":null}},"1":{"start":{"line":24,"column":28},"end":{"line":24,"column":null}},"2":{"start":{"line":25,"column":30},"end":{"line":25,"column":null}},"3":{"start":{"line":26,"column":36},"end":{"line":26,"column":null}},"4":{"start":{"line":29,"column":28},"end":{"line":46,"column":null}},"5":{"start":{"line":31,"column":26},"end":{"line":31,"column":null}},"6":{"start":{"line":32,"column":27},"end":{"line":32,"column":null}},"7":{"start":{"line":35,"column":22},"end":{"line":35,"column":null}},"8":{"start":{"line":36,"column":23},"end":{"line":36,"column":null}},"9":{"start":{"line":39,"column":20},"end":{"line":39,"column":null}},"10":{"start":{"line":40,"column":20},"end":{"line":40,"column":null}},"11":{"start":{"line":42,"column":4},"end":{"line":45,"column":null}},"12":{"start":{"line":49,"column":22},"end":{"line":52,"column":null}},"13":{"start":{"line":50,"column":4},"end":{"line":50,"column":null}},"14":{"start":{"line":51,"column":4},"end":{"line":51,"column":null}},"15":{"start":{"line":54,"column":2},"end":{"line":114,"column":null}},"16":{"start":{"line":55,"column":41},"end":{"line":55,"column":null}},"17":{"start":{"line":56,"column":35},"end":{"line":56,"column":null}},"18":{"start":{"line":57,"column":19},"end":{"line":57,"column":null}},"19":{"start":{"line":59,"column":35},"end":{"line":85,"column":null}},"20":{"start":{"line":60,"column":6},"end":{"line":60,"column":null}},"21":{"start":{"line":60,"column":21},"end":{"line":60,"column":null}},"22":{"start":{"line":63,"column":27},"end":{"line":63,"column":null}},"23":{"start":{"line":65,"column":8},"end":{"line":84,"column":null}},"24":{"start":{"line":66,"column":8},"end":{"line":66,"column":null}},"25":{"start":{"line":66,"column":23},"end":{"line":66,"column":null}},"26":{"start":{"line":69,"column":28},"end":{"line":69,"column":null}},"27":{"start":{"line":70,"column":8},"end":{"line":70,"column":null}},"28":{"start":{"line":71,"column":8},"end":{"line":71,"column":null}},"29":{"start":{"line":74,"column":8},"end":{"line":76,"column":null}},"30":{"start":{"line":75,"column":10},"end":{"line":75,"column":null}},"31":{"start":{"line":78,"column":8},"end":{"line":83,"column":null}},"32":{"start":{"line":79,"column":10},"end":{"line":79,"column":null}},"33":{"start":{"line":79,"column":25},"end":{"line":79,"column":null}},"34":{"start":{"line":80,"column":10},"end":{"line":80,"column":null}},"35":{"start":{"line":82,"column":10},"end":{"line":82,"column":null}},"36":{"start":{"line":88,"column":25},"end":{"line":88,"column":null}},"37":{"start":{"line":89,"column":4},"end":{"line":106,"column":null}},"38":{"start":{"line":90,"column":6},"end":{"line":90,"column":null}},"39":{"start":{"line":90,"column":21},"end":{"line":90,"column":null}},"40":{"start":{"line":92,"column":26},"end":{"line":92,"column":null}},"41":{"start":{"line":93,"column":6},"end":{"line":93,"column":null}},"42":{"start":{"line":94,"column":6},"end":{"line":94,"column":null}},"43":{"start":{"line":97,"column":6},"end":{"line":99,"column":null}},"44":{"start":{"line":98,"column":8},"end":{"line":98,"column":null}},"45":{"start":{"line":101,"column":6},"end":{"line":105,"column":null}},"46":{"start":{"line":102,"column":8},"end":{"line":102,"column":null}},"47":{"start":{"line":102,"column":23},"end":{"line":102,"column":null}},"48":{"start":{"line":103,"column":8},"end":{"line":103,"column":null}},"49":{"start":{"line":104,"column":8},"end":{"line":104,"column":null}},"50":{"start":{"line":109,"column":4},"end":{"line":113,"column":null}},"51":{"start":{"line":110,"column":6},"end":{"line":110,"column":null}},"52":{"start":{"line":111,"column":6},"end":{"line":111,"column":null}},"53":{"start":{"line":111,"column":27},"end":{"line":111,"column":null}},"54":{"start":{"line":112,"column":6},"end":{"line":112,"column":null}},"55":{"start":{"line":112,"column":21},"end":{"line":112,"column":null}},"56":{"start":{"line":117,"column":2},"end":{"line":117,"column":null}},"57":{"start":{"line":117,"column":16},"end":{"line":117,"column":null}},"58":{"start":{"line":119,"column":2},"end":{"line":192,"column":null}},"59":{"start":{"line":145,"column":12},"end":{"line":145,"column":null}},"60":{"start":{"line":148,"column":12},"end":{"line":148,"column":null}},"61":{"start":{"line":149,"column":12},"end":{"line":149,"column":null}},"62":{"start":{"line":151,"column":12},"end":{"line":151,"column":null}},"63":{"start":{"line":154,"column":12},"end":{"line":154,"column":null}},"64":{"start":{"line":155,"column":12},"end":{"line":155,"column":null}},"65":{"start":{"line":158,"column":12},"end":{"line":158,"column":null}},"66":{"start":{"line":159,"column":12},"end":{"line":159,"column":null}},"67":{"start":{"line":181,"column":12},"end":{"line":181,"column":null}},"68":{"start":{"line":182,"column":12},"end":{"line":182,"column":null}},"69":{"start":{"line":185,"column":12},"end":{"line":185,"column":null}},"70":{"start":{"line":186,"column":12},"end":{"line":186,"column":null}}},"fnMap":{"0":{"name":"(anonymous_0)","decl":{"start":{"line":16,"column":46},"end":{"line":16,"column":47}},"loc":{"start":{"line":23,"column":6},"end":{"line":194,"column":null}},"line":23},"1":{"name":"(anonymous_1)","decl":{"start":{"line":21,"column":11},"end":{"line":21,"column":17}},"loc":{"start":{"line":21,"column":17},"end":{"line":21,"column":null}},"line":21},"2":{"name":"(anonymous_2)","decl":{"start":{"line":22,"column":13},"end":{"line":22,"column":19}},"loc":{"start":{"line":22,"column":19},"end":{"line":22,"column":null}},"line":22},"3":{"name":"(anonymous_3)","decl":{"start":{"line":29,"column":28},"end":{"line":29,"column":34}},"loc":{"start":{"line":29,"column":34},"end":{"line":46,"column":null}},"line":29},"4":{"name":"(anonymous_4)","decl":{"start":{"line":49,"column":22},"end":{"line":49,"column":28}},"loc":{"start":{"line":49,"column":28},"end":{"line":52,"column":null}},"line":49},"5":{"name":"(anonymous_5)","decl":{"start":{"line":54,"column":12},"end":{"line":54,"column":18}},"loc":{"start":{"line":54,"column":18},"end":{"line":114,"column":5}},"line":54},"6":{"name":"(anonymous_6)","decl":{"start":{"line":59,"column":35},"end":{"line":59,"column":41}},"loc":{"start":{"line":59,"column":41},"end":{"line":85,"column":null}},"line":59},"7":{"name":"(anonymous_7)","decl":{"start":{"line":65,"column":37},"end":{"line":65,"column":43}},"loc":{"start":{"line":65,"column":43},"end":{"line":84,"column":9}},"line":65},"8":{"name":"(anonymous_8)","decl":{"start":{"line":74,"column":19},"end":{"line":74,"column":25}},"loc":{"start":{"line":74,"column":25},"end":{"line":76,"column":11}},"line":74},"9":{"name":"(anonymous_9)","decl":{"start":{"line":78,"column":31},"end":{"line":78,"column":37}},"loc":{"start":{"line":78,"column":37},"end":{"line":83,"column":11}},"line":78},"10":{"name":"(anonymous_10)","decl":{"start":{"line":89,"column":33},"end":{"line":89,"column":39}},"loc":{"start":{"line":89,"column":39},"end":{"line":106,"column":7}},"line":89},"11":{"name":"(anonymous_11)","decl":{"start":{"line":97,"column":17},"end":{"line":97,"column":23}},"loc":{"start":{"line":97,"column":23},"end":{"line":99,"column":9}},"line":97},"12":{"name":"(anonymous_12)","decl":{"start":{"line":101,"column":29},"end":{"line":101,"column":35}},"loc":{"start":{"line":101,"column":35},"end":{"line":105,"column":9}},"line":101},"13":{"name":"(anonymous_13)","decl":{"start":{"line":109,"column":11},"end":{"line":109,"column":17}},"loc":{"start":{"line":109,"column":17},"end":{"line":113,"column":null}},"line":109},"14":{"name":"(anonymous_14)","decl":{"start":{"line":144,"column":18},"end":{"line":144,"column":24}},"loc":{"start":{"line":144,"column":24},"end":{"line":146,"column":null}},"line":144},"15":{"name":"(anonymous_15)","decl":{"start":{"line":147,"column":19},"end":{"line":147,"column":20}},"loc":{"start":{"line":147,"column":26},"end":{"line":152,"column":null}},"line":147},"16":{"name":"(anonymous_16)","decl":{"start":{"line":153,"column":23},"end":{"line":153,"column":24}},"loc":{"start":{"line":153,"column":30},"end":{"line":156,"column":null}},"line":153},"17":{"name":"(anonymous_17)","decl":{"start":{"line":157,"column":22},"end":{"line":157,"column":23}},"loc":{"start":{"line":157,"column":29},"end":{"line":160,"column":null}},"line":157},"18":{"name":"(anonymous_18)","decl":{"start":{"line":180,"column":23},"end":{"line":180,"column":24}},"loc":{"start":{"line":180,"column":30},"end":{"line":183,"column":null}},"line":180},"19":{"name":"(anonymous_19)","decl":{"start":{"line":184,"column":22},"end":{"line":184,"column":23}},"loc":{"start":{"line":184,"column":29},"end":{"line":187,"column":null}},"line":184}},"branchMap":{"0":{"loc":{"start":{"line":19,"column":2},"end":{"line":19,"column":null}},"type":"default-arg","locations":[{"start":{"line":19,"column":16},"end":{"line":19,"column":null}}],"line":19},"1":{"loc":{"start":{"line":20,"column":2},"end":{"line":20,"column":null}},"type":"default-arg","locations":[{"start":{"line":20,"column":13},"end":{"line":20,"column":null}}],"line":20},"2":{"loc":{"start":{"line":21,"column":2},"end":{"line":21,"column":null}},"type":"default-arg","locations":[{"start":{"line":21,"column":11},"end":{"line":21,"column":null}}],"line":21},"3":{"loc":{"start":{"line":22,"column":2},"end":{"line":22,"column":null}},"type":"default-arg","locations":[{"start":{"line":22,"column":13},"end":{"line":22,"column":null}}],"line":22},"4":{"loc":{"start":{"line":60,"column":6},"end":{"line":60,"column":null}},"type":"if","locations":[{"start":{"line":60,"column":6},"end":{"line":60,"column":null}},{"start":{},"end":{}}],"line":60},"5":{"loc":{"start":{"line":66,"column":8},"end":{"line":66,"column":null}},"type":"if","locations":[{"start":{"line":66,"column":8},"end":{"line":66,"column":null}},{"start":{},"end":{}}],"line":66},"6":{"loc":{"start":{"line":79,"column":10},"end":{"line":79,"column":null}},"type":"if","locations":[{"start":{"line":79,"column":10},"end":{"line":79,"column":null}},{"start":{},"end":{}}],"line":79},"7":{"loc":{"start":{"line":90,"column":6},"end":{"line":90,"column":null}},"type":"if","locations":[{"start":{"line":90,"column":6},"end":{"line":90,"column":null}},{"start":{},"end":{}}],"line":90},"8":{"loc":{"start":{"line":102,"column":8},"end":{"line":102,"column":null}},"type":"if","locations":[{"start":{"line":102,"column":8},"end":{"line":102,"column":null}},{"start":{},"end":{}}],"line":102},"9":{"loc":{"start":{"line":111,"column":6},"end":{"line":111,"column":null}},"type":"if","locations":[{"start":{"line":111,"column":6},"end":{"line":111,"column":null}},{"start":{},"end":{}}],"line":111},"10":{"loc":{"start":{"line":112,"column":6},"end":{"line":112,"column":null}},"type":"if","locations":[{"start":{"line":112,"column":6},"end":{"line":112,"column":null}},{"start":{},"end":{}}],"line":112},"11":{"loc":{"start":{"line":117,"column":2},"end":{"line":117,"column":null}},"type":"if","locations":[{"start":{"line":117,"column":2},"end":{"line":117,"column":null}},{"start":{},"end":{}}],"line":117},"12":{"loc":{"start":{"line":131,"column":7},"end":{"line":190,"column":null}},"type":"cond-expr","locations":[{"start":{"line":132,"column":8},"end":{"line":161,"column":null}},{"start":{"line":164,"column":8},"end":{"line":190,"column":null}}],"line":131}},"s":{"0":1,"1":10,"2":10,"3":10,"4":10,"5":7,"6":7,"7":7,"8":7,"9":7,"10":7,"11":7,"12":10,"13":0,"14":0,"15":10,"16":10,"17":10,"18":10,"19":10,"20":0,"21":0,"22":0,"23":0,"24":0,"25":0,"26":0,"27":0,"28":0,"29":0,"30":0,"31":0,"32":0,"33":0,"34":0,"35":0,"36":10,"37":10,"38":7,"39":0,"40":7,"41":7,"42":7,"43":7,"44":7,"45":7,"46":0,"47":0,"48":0,"49":0,"50":10,"51":10,"52":10,"53":10,"54":10,"55":7,"56":10,"57":10,"58":0,"59":0,"60":0,"61":0,"62":0,"63":0,"64":0,"65":0,"66":0,"67":0,"68":0,"69":0,"70":0},"f":{"0":10,"1":0,"2":0,"3":7,"4":0,"5":10,"6":0,"7":0,"8":0,"9":0,"10":7,"11":7,"12":0,"13":10,"14":0,"15":0,"16":0,"17":0,"18":0,"19":0},"b":{"0":[10],"1":[10],"2":[0],"3":[0],"4":[0,0],"5":[0,0],"6":[0,0],"7":[0,7],"8":[0,0],"9":[10,0],"10":[7,3],"11":[10,0],"12":[0,0]},"meta":{"lastBranch":13,"lastFunction":20,"lastStatement":71,"seen":{"s:16:46:194:Infinity":0,"f:16:46:16:47":0,"b:19:16:19:Infinity":0,"b:20:13:20:Infinity":1,"b:21:11:21:Infinity":2,"f:21:11:21:17":1,"b:22:13:22:Infinity":3,"f:22:13:22:19":2,"s:24:28:24:Infinity":1,"s:25:30:25:Infinity":2,"s:26:36:26:Infinity":3,"s:29:28:46:Infinity":4,"f:29:28:29:34":3,"s:31:26:31:Infinity":5,"s:32:27:32:Infinity":6,"s:35:22:35:Infinity":7,"s:36:23:36:Infinity":8,"s:39:20:39:Infinity":9,"s:40:20:40:Infinity":10,"s:42:4:45:Infinity":11,"s:49:22:52:Infinity":12,"f:49:22:49:28":4,"s:50:4:50:Infinity":13,"s:51:4:51:Infinity":14,"s:54:2:114:Infinity":15,"f:54:12:54:18":5,"s:55:41:55:Infinity":16,"s:56:35:56:Infinity":17,"s:57:19:57:Infinity":18,"s:59:35:85:Infinity":19,"f:59:35:59:41":6,"b:60:6:60:Infinity:undefined:undefined:undefined:undefined":4,"s:60:6:60:Infinity":20,"s:60:21:60:Infinity":21,"s:63:27:63:Infinity":22,"s:65:8:84:Infinity":23,"f:65:37:65:43":7,"b:66:8:66:Infinity:undefined:undefined:undefined:undefined":5,"s:66:8:66:Infinity":24,"s:66:23:66:Infinity":25,"s:69:28:69:Infinity":26,"s:70:8:70:Infinity":27,"s:71:8:71:Infinity":28,"s:74:8:76:Infinity":29,"f:74:19:74:25":8,"s:75:10:75:Infinity":30,"s:78:8:83:Infinity":31,"f:78:31:78:37":9,"b:79:10:79:Infinity:undefined:undefined:undefined:undefined":6,"s:79:10:79:Infinity":32,"s:79:25:79:Infinity":33,"s:80:10:80:Infinity":34,"s:82:10:82:Infinity":35,"s:88:25:88:Infinity":36,"s:89:4:106:Infinity":37,"f:89:33:89:39":10,"b:90:6:90:Infinity:undefined:undefined:undefined:undefined":7,"s:90:6:90:Infinity":38,"s:90:21:90:Infinity":39,"s:92:26:92:Infinity":40,"s:93:6:93:Infinity":41,"s:94:6:94:Infinity":42,"s:97:6:99:Infinity":43,"f:97:17:97:23":11,"s:98:8:98:Infinity":44,"s:101:6:105:Infinity":45,"f:101:29:101:35":12,"b:102:8:102:Infinity:undefined:undefined:undefined:undefined":8,"s:102:8:102:Infinity":46,"s:102:23:102:Infinity":47,"s:103:8:103:Infinity":48,"s:104:8:104:Infinity":49,"s:109:4:113:Infinity":50,"f:109:11:109:17":13,"s:110:6:110:Infinity":51,"b:111:6:111:Infinity:undefined:undefined:undefined:undefined":9,"s:111:6:111:Infinity":52,"s:111:27:111:Infinity":53,"b:112:6:112:Infinity:undefined:undefined:undefined:undefined":10,"s:112:6:112:Infinity":54,"s:112:21:112:Infinity":55,"b:117:2:117:Infinity:undefined:undefined:undefined:undefined":11,"s:117:2:117:Infinity":56,"s:117:16:117:Infinity":57,"s:119:2:192:Infinity":58,"b:132:8:161:Infinity:164:8:190:Infinity":12,"f:144:18:144:24":14,"s:145:12:145:Infinity":59,"f:147:19:147:20":15,"s:148:12:148:Infinity":60,"s:149:12:149:Infinity":61,"s:151:12:151:Infinity":62,"f:153:23:153:24":16,"s:154:12:154:Infinity":63,"s:155:12:155:Infinity":64,"f:157:22:157:23":17,"s:158:12:158:Infinity":65,"s:159:12:159:Infinity":66,"f:180:23:180:24":18,"s:181:12:181:Infinity":67,"s:182:12:182:Infinity":68,"f:184:22:184:23":19,"s:185:12:185:Infinity":69,"s:186:12:186:Infinity":70}}}
,"C:\\Users\\brand\\OneDrive\\Documents\\Farm Idle Game\\src\\components\\Toast.css": {"path":"C:\\Users\\brand\\OneDrive\\Documents\\Farm Idle Game\\src\\components\\Toast.css","statementMap":{},"fnMap":{},"branchMap":{},"s":{},"f":{},"b":{},"meta":{"lastBranch":0,"lastFunction":0,"lastStatement":0,"seen":{}}}
,"C:\\Users\\brand\\OneDrive\\Documents\\Farm Idle Game\\src\\components\\Toast.tsx": {"path":"C:\\Users\\brand\\OneDrive\\Documents\\Farm Idle Game\\src\\components\\Toast.tsx","statementMap":{"0":{"start":{"line":12,"column":6},"end":{"line":46,"column":null}},"1":{"start":{"line":19,"column":2},"end":{"line":27,"column":null}},"2":{"start":{"line":20,"column":4},"end":{"line":26,"column":null}},"3":{"start":{"line":21,"column":20},"end":{"line":23,"column":null}},"4":{"start":{"line":22,"column":8},"end":{"line":22,"column":null}},"5":{"start":{"line":25,"column":6},"end":{"line":25,"column":null}},"6":{"start":{"line":25,"column":19},"end":{"line":25,"column":null}},"7":{"start":{"line":29,"column":2},"end":{"line":29,"column":null}},"8":{"start":{"line":29,"column":16},"end":{"line":29,"column":null}},"9":{"start":{"line":31,"column":2},"end":{"line":44,"column":null}},"10":{"start":{"line":48,"column":0},"end":{"line":48,"column":null}}},"fnMap":{"0":{"name":"(anonymous_0)","decl":{"start":{"line":12,"column":41},"end":{"line":12,"column":42}},"loc":{"start":{"line":18,"column":6},"end":{"line":46,"column":1}},"line":18},"1":{"name":"(anonymous_1)","decl":{"start":{"line":19,"column":12},"end":{"line":19,"column":18}},"loc":{"start":{"line":19,"column":18},"end":{"line":27,"column":5}},"line":19},"2":{"name":"(anonymous_2)","decl":{"start":{"line":21,"column":31},"end":{"line":21,"column":37}},"loc":{"start":{"line":21,"column":37},"end":{"line":23,"column":9}},"line":21},"3":{"name":"(anonymous_3)","decl":{"start":{"line":25,"column":13},"end":{"line":25,"column":19}},"loc":{"start":{"line":25,"column":19},"end":{"line":25,"column":null}},"line":25}},"branchMap":{"0":{"loc":{"start":{"line":14,"column":2},"end":{"line":14,"column":null}},"type":"default-arg","locations":[{"start":{"line":14,"column":13},"end":{"line":14,"column":null}}],"line":14},"1":{"loc":{"start":{"line":15,"column":2},"end":{"line":15,"column":null}},"type":"default-arg","locations":[{"start":{"line":15,"column":9},"end":{"line":15,"column":null}}],"line":15},"2":{"loc":{"start":{"line":20,"column":4},"end":{"line":26,"column":null}},"type":"if","locations":[{"start":{"line":20,"column":4},"end":{"line":26,"column":null}},{"start":{},"end":{}}],"line":20},"3":{"loc":{"start":{"line":29,"column":2},"end":{"line":29,"column":null}},"type":"if","locations":[{"start":{"line":29,"column":2},"end":{"line":29,"column":null}},{"start":{},"end":{}}],"line":29},"4":{"loc":{"start":{"line":32,"column":43},"end":{"line":32,"column":64}},"type":"cond-expr","locations":[{"start":{"line":32,"column":53},"end":{"line":32,"column":62}},{"start":{"line":32,"column":62},"end":{"line":32,"column":64}}],"line":32},"5":{"loc":{"start":{"line":35,"column":11},"end":{"line":35,"column":null}},"type":"binary-expr","locations":[{"start":{"line":35,"column":11},"end":{"line":35,"column":33}},{"start":{"line":35,"column":33},"end":{"line":35,"column":null}}],"line":35},"6":{"loc":{"start":{"line":36,"column":11},"end":{"line":36,"column":null}},"type":"binary-expr","locations":[{"start":{"line":36,"column":11},"end":{"line":36,"column":31}},{"start":{"line":36,"column":31},"end":{"line":36,"column":null}}],"line":36},"7":{"loc":{"start":{"line":37,"column":11},"end":{"line":37,"column":null}},"type":"binary-expr","locations":[{"start":{"line":37,"column":11},"end":{"line":37,"column":30}},{"start":{"line":37,"column":30},"end":{"line":37,"column":null}}],"line":37}},"s":{"0":1,"1":18,"2":18,"3":15,"4":4,"5":15,"6":15,"7":18,"8":3,"9":15,"10":1},"f":{"0":18,"1":18,"2":4,"3":15},"b":{"0":[18],"1":[18],"2":[15,3],"3":[3,15],"4":[15,0],"5":[18,13],"6":[18,1],"7":[18,1]},"meta":{"lastBranch":8,"lastFunction":4,"lastStatement":11,"seen":{"s:12:6:46:Infinity":0,"f:12:41:12:42":0,"b:14:13:14:Infinity":0,"b:15:9:15:Infinity":1,"s:19:2:27:Infinity":1,"f:19:12:19:18":1,"b:20:4:26:Infinity:undefined:undefined:undefined:undefined":2,"s:20:4:26:Infinity":2,"s:21:20:23:Infinity":3,"f:21:31:21:37":2,"s:22:8:22:Infinity":4,"s:25:6:25:Infinity":5,"f:25:13:25:19":3,"s:25:19:25:Infinity":6,"b:29:2:29:Infinity:undefined:undefined:undefined:undefined":3,"s:29:2:29:Infinity":7,"s:29:16:29:Infinity":8,"s:31:2:44:Infinity":9,"b:32:53:32:62:32:62:32:64":4,"b:35:11:35:33:35:33:35:Infinity":5,"b:36:11:36:31:36:31:36:Infinity":6,"b:37:11:37:30:37:30:37:Infinity":7,"s:48:0:48:Infinity":10}}}
,"C:\\Users\\brand\\OneDrive\\Documents\\Farm Idle Game\\src\\components\\UpgradePanel.tsx": {"path":"C:\\Users\\brand\\OneDrive\\Documents\\Farm Idle Game\\src\\components\\UpgradePanel.tsx","statementMap":{"0":{"start":{"line":12,"column":6},"end":{"line":24,"column":null}},"1":{"start":{"line":13,"column":2},"end":{"line":23,"column":null}},"2":{"start":{"line":16,"column":6},"end":{"line":21,"column":null}},"3":{"start":{"line":26,"column":0},"end":{"line":26,"column":null}}},"fnMap":{"0":{"name":"(anonymous_0)","decl":{"start":{"line":12,"column":55},"end":{"line":12,"column":56}},"loc":{"start":{"line":13,"column":2},"end":{"line":23,"column":null}},"line":13},"1":{"name":"(anonymous_1)","decl":{"start":{"line":15,"column":18},"end":{"line":15,"column":19}},"loc":{"start":{"line":16,"column":6},"end":{"line":21,"column":null}},"line":16}},"branchMap":{},"s":{"0":1,"1":8,"2":14,"3":1},"f":{"0":8,"1":14},"b":{},"meta":{"lastBranch":0,"lastFunction":2,"lastStatement":4,"seen":{"s:12:6:24:Infinity":0,"f:12:55:12:56":0,"s:13:2:23:Infinity":1,"f:15:18:15:19":1,"s:16:6:21:Infinity":2,"s:26:0:26:Infinity":3}}}
,"C:\\Users\\brand\\OneDrive\\Documents\\Farm Idle Game\\src\\components\\VeggiePanel.module.css": {"path":"C:\\Users\\brand\\OneDrive\\Documents\\Farm Idle Game\\src\\components\\VeggiePanel.module.css","statementMap":{},"fnMap":{},"branchMap":{},"s":{},"f":{},"b":{},"meta":{"lastBranch":0,"lastFunction":0,"lastStatement":0,"seen":{}}}
,"C:\\Users\\brand\\OneDrive\\Documents\\Farm Idle Game\\src\\components\\VeggiePanel.tsx": {"path":"C:\\Users\\brand\\OneDrive\\Documents\\Farm Idle Game\\src\\components\\VeggiePanel.tsx","statementMap":{"0":{"start":{"line":14,"column":6},"end":{"line":50,"column":null}},"1":{"start":{"line":15,"column":2},"end":{"line":49,"column":null}},"2":{"start":{"line":52,"column":0},"end":{"line":52,"column":null}}},"fnMap":{"0":{"name":"(anonymous_0)","decl":{"start":{"line":14,"column":53},"end":{"line":14,"column":54}},"loc":{"start":{"line":15,"column":2},"end":{"line":49,"column":null}},"line":15}},"branchMap":{"0":{"loc":{"start":{"line":24,"column":87},"end":{"line":24,"column":136}},"type":"cond-expr","locations":[{"start":{"line":24,"column":100},"end":{"line":24,"column":121}},{"start":{"line":24,"column":121},"end":{"line":24,"column":136}}],"line":24},"1":{"loc":{"start":{"line":34,"column":22},"end":{"line":34,"column":null}},"type":"cond-expr","locations":[{"start":{"line":34,"column":36},"end":{"line":34,"column":48}},{"start":{"line":34,"column":48},"end":{"line":34,"column":null}}],"line":34},"2":{"loc":{"start":{"line":36,"column":15},"end":{"line":36,"column":null}},"type":"cond-expr","locations":[{"start":{"line":36,"column":29},"end":{"line":36,"column":70}},{"start":{"line":36,"column":70},"end":{"line":36,"column":null}}],"line":36},"3":{"loc":{"start":{"line":37,"column":20},"end":{"line":39,"column":null}},"type":"cond-expr","locations":[{"start":{"line":38,"column":12},"end":{"line":38,"column":null}},{"start":{"line":39,"column":12},"end":{"line":39,"column":null}}],"line":37},"4":{"loc":{"start":{"line":43,"column":9},"end":{"line":43,"column":null}},"type":"cond-expr","locations":[{"start":{"line":43,"column":23},"end":{"line":43,"column":35}},{"start":{"line":43,"column":35},"end":{"line":43,"column":null}}],"line":43},"5":{"loc":{"start":{"line":46,"column":9},"end":{"line":46,"column":null}},"type":"cond-expr","locations":[{"start":{"line":46,"column":23},"end":{"line":46,"column":42}},{"start":{"line":46,"column":42},"end":{"line":46,"column":null}}],"line":46}},"s":{"0":2,"1":16,"2":2},"f":{"0":16},"b":{"0":[15,1],"1":[2,14],"2":[2,14],"3":[2,14],"4":[2,14],"5":[2,14]},"meta":{"lastBranch":6,"lastFunction":1,"lastStatement":3,"seen":{"s:14:6:50:Infinity":0,"f:14:53:14:54":0,"s:15:2:49:Infinity":1,"b:24:100:24:121:24:121:24:136":0,"b:34:36:34:48:34:48:34:Infinity":1,"b:36:29:36:70:36:70:36:Infinity":2,"b:38:12:38:Infinity:39:12:39:Infinity":3,"b:43:23:43:35:43:35:43:Infinity":4,"b:46:23:46:42:46:42:46:Infinity":5,"s:52:0:52:Infinity":2}}}
,"C:\\Users\\brand\\OneDrive\\Documents\\Farm Idle Game\\src\\config\\assetPaths.ts": {"path":"C:\\Users\\brand\\OneDrive\\Documents\\Farm Idle Game\\src\\config\\assetPaths.ts","statementMap":{"0":{"start":{"line":7,"column":28},"end":{"line":7,"column":null}},"1":{"start":{"line":8,"column":28},"end":{"line":8,"column":null}},"2":{"start":{"line":9,"column":26},"end":{"line":9,"column":null}},"3":{"start":{"line":10,"column":26},"end":{"line":10,"column":null}},"4":{"start":{"line":11,"column":30},"end":{"line":11,"column":null}},"5":{"start":{"line":12,"column":31},"end":{"line":12,"column":null}},"6":{"start":{"line":13,"column":25},"end":{"line":13,"column":null}},"7":{"start":{"line":14,"column":29},"end":{"line":14,"column":null}},"8":{"start":{"line":15,"column":31},"end":{"line":15,"column":null}},"9":{"start":{"line":16,"column":28},"end":{"line":16,"column":null}},"10":{"start":{"line":17,"column":28},"end":{"line":17,"column":null}},"11":{"start":{"line":18,"column":30},"end":{"line":18,"column":null}},"12":{"start":{"line":19,"column":27},"end":{"line":19,"column":null}},"13":{"start":{"line":20,"column":27},"end":{"line":20,"column":null}},"14":{"start":{"line":21,"column":29},"end":{"line":21,"column":null}},"15":{"start":{"line":22,"column":27},"end":{"line":22,"column":null}},"16":{"start":{"line":23,"column":27},"end":{"line":23,"column":null}},"17":{"start":{"line":24,"column":34},"end":{"line":24,"column":null}},"18":{"start":{"line":27,"column":24},"end":{"line":27,"column":null}},"19":{"start":{"line":28,"column":26},"end":{"line":28,"column":null}},"20":{"start":{"line":29,"column":33},"end":{"line":29,"column":null}},"21":{"start":{"line":30,"column":28},"end":{"line":30,"column":null}},"22":{"start":{"line":31,"column":29},"end":{"line":31,"column":null}},"23":{"start":{"line":34,"column":29},"end":{"line":34,"column":null}},"24":{"start":{"line":35,"column":29},"end":{"line":35,"column":null}},"25":{"start":{"line":36,"column":27},"end":{"line":36,"column":null}},"26":{"start":{"line":37,"column":29},"end":{"line":37,"column":null}},"27":{"start":{"line":40,"column":29},"end":{"line":40,"column":null}},"28":{"start":{"line":41,"column":28},"end":{"line":41,"column":null}},"29":{"start":{"line":42,"column":31},"end":{"line":42,"column":null}},"30":{"start":{"line":43,"column":29},"end":{"line":43,"column":null}},"31":{"start":{"line":44,"column":32},"end":{"line":44,"column":null}},"32":{"start":{"line":45,"column":28},"end":{"line":45,"column":null}},"33":{"start":{"line":48,"column":29},"end":{"line":48,"column":null}},"34":{"start":{"line":49,"column":30},"end":{"line":49,"column":null}},"35":{"start":{"line":50,"column":29},"end":{"line":50,"column":null}},"36":{"start":{"line":51,"column":31},"end":{"line":51,"column":null}},"37":{"start":{"line":52,"column":30},"end":{"line":52,"column":null}},"38":{"start":{"line":53,"column":29},"end":{"line":53,"column":null}},"39":{"start":{"line":54,"column":31},"end":{"line":54,"column":null}},"40":{"start":{"line":55,"column":30},"end":{"line":55,"column":null}},"41":{"start":{"line":56,"column":32},"end":{"line":56,"column":null}},"42":{"start":{"line":57,"column":34},"end":{"line":57,"column":null}},"43":{"start":{"line":58,"column":31},"end":{"line":58,"column":null}},"44":{"start":{"line":59,"column":31},"end":{"line":59,"column":null}},"45":{"start":{"line":62,"column":28},"end":{"line":62,"column":null}},"46":{"start":{"line":63,"column":25},"end":{"line":63,"column":null}},"47":{"start":{"line":64,"column":27},"end":{"line":64,"column":null}},"48":{"start":{"line":65,"column":24},"end":{"line":65,"column":null}},"49":{"start":{"line":66,"column":30},"end":{"line":66,"column":null}},"50":{"start":{"line":69,"column":29},"end":{"line":69,"column":null}},"51":{"start":{"line":70,"column":33},"end":{"line":70,"column":null}},"52":{"start":{"line":71,"column":31},"end":{"line":71,"column":null}},"53":{"start":{"line":74,"column":33},"end":{"line":74,"column":null}},"54":{"start":{"line":75,"column":34},"end":{"line":75,"column":null}},"55":{"start":{"line":76,"column":33},"end":{"line":76,"column":null}},"56":{"start":{"line":79,"column":30},"end":{"line":79,"column":null}},"57":{"start":{"line":80,"column":34},"end":{"line":80,"column":null}},"58":{"start":{"line":81,"column":36},"end":{"line":81,"column":null}},"59":{"start":{"line":82,"column":36},"end":{"line":82,"column":null}},"60":{"start":{"line":83,"column":41},"end":{"line":83,"column":null}},"61":{"start":{"line":84,"column":38},"end":{"line":84,"column":null}},"62":{"start":{"line":85,"column":26},"end":{"line":85,"column":null}},"63":{"start":{"line":86,"column":39},"end":{"line":86,"column":null}},"64":{"start":{"line":87,"column":29},"end":{"line":87,"column":null}},"65":{"start":{"line":88,"column":41},"end":{"line":88,"column":null}},"66":{"start":{"line":89,"column":32},"end":{"line":89,"column":null}},"67":{"start":{"line":90,"column":36},"end":{"line":90,"column":null}},"68":{"start":{"line":91,"column":31},"end":{"line":91,"column":null}},"69":{"start":{"line":92,"column":33},"end":{"line":92,"column":null}},"70":{"start":{"line":93,"column":37},"end":{"line":93,"column":null}},"71":{"start":{"line":94,"column":30},"end":{"line":94,"column":null}},"72":{"start":{"line":95,"column":24},"end":{"line":95,"column":null}},"73":{"start":{"line":96,"column":38},"end":{"line":96,"column":null}},"74":{"start":{"line":99,"column":34},"end":{"line":99,"column":null}},"75":{"start":{"line":100,"column":36},"end":{"line":100,"column":null}},"76":{"start":{"line":101,"column":39},"end":{"line":101,"column":null}},"77":{"start":{"line":102,"column":38},"end":{"line":102,"column":null}},"78":{"start":{"line":103,"column":39},"end":{"line":103,"column":null}},"79":{"start":{"line":106,"column":39},"end":{"line":106,"column":null}},"80":{"start":{"line":107,"column":34},"end":{"line":107,"column":null}},"81":{"start":{"line":108,"column":32},"end":{"line":108,"column":null}},"82":{"start":{"line":109,"column":34},"end":{"line":109,"column":null}},"83":{"start":{"line":110,"column":38},"end":{"line":110,"column":null}},"84":{"start":{"line":113,"column":30},"end":{"line":113,"column":null}},"85":{"start":{"line":114,"column":31},"end":{"line":114,"column":null}},"86":{"start":{"line":115,"column":29},"end":{"line":115,"column":null}},"87":{"start":{"line":116,"column":29},"end":{"line":116,"column":null}},"88":{"start":{"line":119,"column":35},"end":{"line":119,"column":null}},"89":{"start":{"line":120,"column":37},"end":{"line":120,"column":null}},"90":{"start":{"line":121,"column":38},"end":{"line":121,"column":null}},"91":{"start":{"line":122,"column":37},"end":{"line":122,"column":null}},"92":{"start":{"line":123,"column":30},"end":{"line":123,"column":null}},"93":{"start":{"line":126,"column":30},"end":{"line":126,"column":null}},"94":{"start":{"line":127,"column":40},"end":{"line":127,"column":null}},"95":{"start":{"line":128,"column":39},"end":{"line":128,"column":null}},"96":{"start":{"line":129,"column":38},"end":{"line":129,"column":null}},"97":{"start":{"line":130,"column":41},"end":{"line":130,"column":null}},"98":{"start":{"line":131,"column":35},"end":{"line":131,"column":null}},"99":{"start":{"line":134,"column":29},"end":{"line":134,"column":null}},"100":{"start":{"line":135,"column":31},"end":{"line":135,"column":null}},"101":{"start":{"line":136,"column":35},"end":{"line":136,"column":null}},"102":{"start":{"line":137,"column":39},"end":{"line":137,"column":null}},"103":{"start":{"line":138,"column":32},"end":{"line":138,"column":null}},"104":{"start":{"line":139,"column":36},"end":{"line":139,"column":null}},"105":{"start":{"line":140,"column":32},"end":{"line":140,"column":null}},"106":{"start":{"line":141,"column":34},"end":{"line":141,"column":null}},"107":{"start":{"line":142,"column":37},"end":{"line":142,"column":null}},"108":{"start":{"line":143,"column":32},"end":{"line":143,"column":null}},"109":{"start":{"line":144,"column":35},"end":{"line":144,"column":null}},"110":{"start":{"line":145,"column":29},"end":{"line":145,"column":null}},"111":{"start":{"line":146,"column":37},"end":{"line":146,"column":null}},"112":{"start":{"line":147,"column":36},"end":{"line":147,"column":null}},"113":{"start":{"line":148,"column":30},"end":{"line":148,"column":null}},"114":{"start":{"line":152,"column":2},"end":{"line":152,"column":null}},"115":{"start":{"line":157,"column":2},"end":{"line":157,"column":null}},"116":{"start":{"line":162,"column":2},"end":{"line":162,"column":null}},"117":{"start":{"line":167,"column":2},"end":{"line":167,"column":null}},"118":{"start":{"line":171,"column":26},"end":{"line":283,"column":null}}},"fnMap":{"0":{"name":"getVeggieImage","decl":{"start":{"line":151,"column":16},"end":{"line":151,"column":31}},"loc":{"start":{"line":151,"column":59},"end":{"line":153,"column":null}},"line":151},"1":{"name":"getSeasonImage","decl":{"start":{"line":156,"column":16},"end":{"line":156,"column":31}},"loc":{"start":{"line":156,"column":59},"end":{"line":158,"column":null}},"line":156},"2":{"name":"getWeatherImage","decl":{"start":{"line":161,"column":16},"end":{"line":161,"column":32}},"loc":{"start":{"line":161,"column":61},"end":{"line":163,"column":null}},"line":161},"3":{"name":"getAutoPurchaserImage","decl":{"start":{"line":166,"column":16},"end":{"line":166,"column":38}},"loc":{"start":{"line":166,"column":60},"end":{"line":168,"column":null}},"line":166}},"branchMap":{},"s":{"0":2,"1":2,"2":2,"3":2,"4":2,"5":2,"6":2,"7":2,"8":2,"9":2,"10":2,"11":2,"12":2,"13":2,"14":2,"15":2,"16":2,"17":2,"18":2,"19":2,"20":2,"21":2,"22":2,"23":2,"24":2,"25":2,"26":2,"27":2,"28":2,"29":2,"30":2,"31":2,"32":2,"33":2,"34":2,"35":2,"36":2,"37":2,"38":2,"39":2,"40":2,"41":2,"42":2,"43":2,"44":2,"45":2,"46":2,"47":2,"48":2,"49":2,"50":2,"51":2,"52":2,"53":2,"54":2,"55":2,"56":2,"57":2,"58":2,"59":2,"60":2,"61":2,"62":2,"63":2,"64":2,"65":2,"66":2,"67":2,"68":2,"69":2,"70":2,"71":2,"72":2,"73":2,"74":2,"75":2,"76":2,"77":2,"78":2,"79":2,"80":2,"81":2,"82":2,"83":2,"84":2,"85":2,"86":2,"87":2,"88":2,"89":2,"90":2,"91":2,"92":2,"93":2,"94":2,"95":2,"96":2,"97":2,"98":2,"99":2,"100":2,"101":2,"102":2,"103":2,"104":2,"105":2,"106":2,"107":2,"108":2,"109":2,"110":2,"111":2,"112":2,"113":2,"114":0,"115":0,"116":0,"117":0,"118":2},"f":{"0":0,"1":0,"2":0,"3":0},"b":{},"meta":{"lastBranch":0,"lastFunction":4,"lastStatement":119,"seen":{"s:7:28:7:Infinity":0,"s:8:28:8:Infinity":1,"s:9:26:9:Infinity":2,"s:10:26:10:Infinity":3,"s:11:30:11:Infinity":4,"s:12:31:12:Infinity":5,"s:13:25:13:Infinity":6,"s:14:29:14:Infinity":7,"s:15:31:15:Infinity":8,"s:16:28:16:Infinity":9,"s:17:28:17:Infinity":10,"s:18:30:18:Infinity":11,"s:19:27:19:Infinity":12,"s:20:27:20:Infinity":13,"s:21:29:21:Infinity":14,"s:22:27:22:Infinity":15,"s:23:27:23:Infinity":16,"s:24:34:24:Infinity":17,"s:27:24:27:Infinity":18,"s:28:26:28:Infinity":19,"s:29:33:29:Infinity":20,"s:30:28:30:Infinity":21,"s:31:29:31:Infinity":22,"s:34:29:34:Infinity":23,"s:35:29:35:Infinity":24,"s:36:27:36:Infinity":25,"s:37:29:37:Infinity":26,"s:40:29:40:Infinity":27,"s:41:28:41:Infinity":28,"s:42:31:42:Infinity":29,"s:43:29:43:Infinity":30,"s:44:32:44:Infinity":31,"s:45:28:45:Infinity":32,"s:48:29:48:Infinity":33,"s:49:30:49:Infinity":34,"s:50:29:50:Infinity":35,"s:51:31:51:Infinity":36,"s:52:30:52:Infinity":37,"s:53:29:53:Infinity":38,"s:54:31:54:Infinity":39,"s:55:30:55:Infinity":40,"s:56:32:56:Infinity":41,"s:57:34:57:Infinity":42,"s:58:31:58:Infinity":43,"s:59:31:59:Infinity":44,"s:62:28:62:Infinity":45,"s:63:25:63:Infinity":46,"s:64:27:64:Infinity":47,"s:65:24:65:Infinity":48,"s:66:30:66:Infinity":49,"s:69:29:69:Infinity":50,"s:70:33:70:Infinity":51,"s:71:31:71:Infinity":52,"s:74:33:74:Infinity":53,"s:75:34:75:Infinity":54,"s:76:33:76:Infinity":55,"s:79:30:79:Infinity":56,"s:80:34:80:Infinity":57,"s:81:36:81:Infinity":58,"s:82:36:82:Infinity":59,"s:83:41:83:Infinity":60,"s:84:38:84:Infinity":61,"s:85:26:85:Infinity":62,"s:86:39:86:Infinity":63,"s:87:29:87:Infinity":64,"s:88:41:88:Infinity":65,"s:89:32:89:Infinity":66,"s:90:36:90:Infinity":67,"s:91:31:91:Infinity":68,"s:92:33:92:Infinity":69,"s:93:37:93:Infinity":70,"s:94:30:94:Infinity":71,"s:95:24:95:Infinity":72,"s:96:38:96:Infinity":73,"s:99:34:99:Infinity":74,"s:100:36:100:Infinity":75,"s:101:39:101:Infinity":76,"s:102:38:102:Infinity":77,"s:103:39:103:Infinity":78,"s:106:39:106:Infinity":79,"s:107:34:107:Infinity":80,"s:108:32:108:Infinity":81,"s:109:34:109:Infinity":82,"s:110:38:110:Infinity":83,"s:113:30:113:Infinity":84,"s:114:31:114:Infinity":85,"s:115:29:115:Infinity":86,"s:116:29:116:Infinity":87,"s:119:35:119:Infinity":88,"s:120:37:120:Infinity":89,"s:121:38:121:Infinity":90,"s:122:37:122:Infinity":91,"s:123:30:123:Infinity":92,"s:126:30:126:Infinity":93,"s:127:40:127:Infinity":94,"s:128:39:128:Infinity":95,"s:129:38:129:Infinity":96,"s:130:41:130:Infinity":97,"s:131:35:131:Infinity":98,"s:134:29:134:Infinity":99,"s:135:31:135:Infinity":100,"s:136:35:136:Infinity":101,"s:137:39:137:Infinity":102,"s:138:32:138:Infinity":103,"s:139:36:139:Infinity":104,"s:140:32:140:Infinity":105,"s:141:34:141:Infinity":106,"s:142:37:142:Infinity":107,"s:143:32:143:Infinity":108,"s:144:35:144:Infinity":109,"s:145:29:145:Infinity":110,"s:146:37:146:Infinity":111,"s:147:36:147:Infinity":112,"s:148:30:148:Infinity":113,"f:151:16:151:31":0,"s:152:2:152:Infinity":114,"f:156:16:156:31":1,"s:157:2:157:Infinity":115,"f:161:16:161:32":2,"s:162:2:162:Infinity":116,"f:166:16:166:38":3,"s:167:2:167:Infinity":117,"s:171:26:283:Infinity":118}}}
,"C:\\Users\\brand\\OneDrive\\Documents\\Farm Idle Game\\src\\config\\gameConstants.ts": {"path":"C:\\Users\\brand\\OneDrive\\Documents\\Farm Idle Game\\src\\config\\gameConstants.ts","statementMap":{"0":{"start":{"line":12,"column":52},"end":{"line":17,"column":null}},"1":{"start":{"line":19,"column":55},"end":{"line":24,"column":null}},"2":{"start":{"line":26,"column":53},"end":{"line":31,"column":null}},"3":{"start":{"line":33,"column":31},"end":{"line":33,"column":null}},"4":{"start":{"line":36,"column":34},"end":{"line":36,"column":null}},"5":{"start":{"line":37,"column":37},"end":{"line":37,"column":null}},"6":{"start":{"line":38,"column":35},"end":{"line":38,"column":null}},"7":{"start":{"line":39,"column":38},"end":{"line":39,"column":null}},"8":{"start":{"line":41,"column":29},"end":{"line":41,"column":null}},"9":{"start":{"line":48,"column":31},"end":{"line":48,"column":null}},"10":{"start":{"line":49,"column":28},"end":{"line":49,"column":null}},"11":{"start":{"line":51,"column":61},"end":{"line":63,"column":null}},"12":{"start":{"line":69,"column":31},"end":{"line":69,"column":null}},"13":{"start":{"line":70,"column":34},"end":{"line":70,"column":null}},"14":{"start":{"line":72,"column":29},"end":{"line":72,"column":null}},"15":{"start":{"line":73,"column":29},"end":{"line":73,"column":null}},"16":{"start":{"line":74,"column":32},"end":{"line":74,"column":null}},"17":{"start":{"line":76,"column":40},"end":{"line":76,"column":null}},"18":{"start":{"line":77,"column":43},"end":{"line":77,"column":null}},"19":{"start":{"line":79,"column":40},"end":{"line":79,"column":null}},"20":{"start":{"line":80,"column":38},"end":{"line":80,"column":null}},"21":{"start":{"line":82,"column":33},"end":{"line":82,"column":null}},"22":{"start":{"line":83,"column":45},"end":{"line":83,"column":null}},"23":{"start":{"line":84,"column":43},"end":{"line":84,"column":null}},"24":{"start":{"line":85,"column":39},"end":{"line":85,"column":null}},"25":{"start":{"line":98,"column":56},"end":{"line":153,"column":null}},"26":{"start":{"line":159,"column":36},"end":{"line":159,"column":null}},"27":{"start":{"line":160,"column":34},"end":{"line":160,"column":null}},"28":{"start":{"line":166,"column":33},"end":{"line":166,"column":null}},"29":{"start":{"line":167,"column":30},"end":{"line":167,"column":null}},"30":{"start":{"line":168,"column":33},"end":{"line":168,"column":null}},"31":{"start":{"line":169,"column":40},"end":{"line":169,"column":null}},"32":{"start":{"line":170,"column":34},"end":{"line":170,"column":null}},"33":{"start":{"line":176,"column":36},"end":{"line":176,"column":null}},"34":{"start":{"line":177,"column":49},"end":{"line":177,"column":null}},"35":{"start":{"line":178,"column":50},"end":{"line":178,"column":null}},"36":{"start":{"line":184,"column":41},"end":{"line":184,"column":null}},"37":{"start":{"line":190,"column":42},"end":{"line":190,"column":null}},"38":{"start":{"line":191,"column":45},"end":{"line":191,"column":null}},"39":{"start":{"line":192,"column":41},"end":{"line":192,"column":null}},"40":{"start":{"line":193,"column":37},"end":{"line":193,"column":null}},"41":{"start":{"line":199,"column":30},"end":{"line":199,"column":null}},"42":{"start":{"line":200,"column":26},"end":{"line":200,"column":null}},"43":{"start":{"line":201,"column":27},"end":{"line":201,"column":null}},"44":{"start":{"line":202,"column":31},"end":{"line":202,"column":null}},"45":{"start":{"line":203,"column":39},"end":{"line":203,"column":null}},"46":{"start":{"line":204,"column":32},"end":{"line":204,"column":null}},"47":{"start":{"line":205,"column":44},"end":{"line":205,"column":null}},"48":{"start":{"line":206,"column":37},"end":{"line":206,"column":null}},"49":{"start":{"line":207,"column":28},"end":{"line":207,"column":null}},"50":{"start":{"line":213,"column":41},"end":{"line":213,"column":null}},"51":{"start":{"line":219,"column":40},"end":{"line":219,"column":null}},"52":{"start":{"line":220,"column":41},"end":{"line":220,"column":null}},"53":{"start":{"line":226,"column":45},"end":{"line":226,"column":null}},"54":{"start":{"line":227,"column":40},"end":{"line":227,"column":null}},"55":{"start":{"line":233,"column":40},"end":{"line":233,"column":null}},"56":{"start":{"line":234,"column":38},"end":{"line":234,"column":null}},"57":{"start":{"line":235,"column":41},"end":{"line":235,"column":null}},"58":{"start":{"line":241,"column":32},"end":{"line":241,"column":null}},"59":{"start":{"line":242,"column":34},"end":{"line":242,"column":null}},"60":{"start":{"line":248,"column":34},"end":{"line":248,"column":null}}},"fnMap":{},"branchMap":{},"s":{"0":4,"1":4,"2":4,"3":4,"4":4,"5":4,"6":4,"7":4,"8":4,"9":4,"10":4,"11":4,"12":4,"13":4,"14":4,"15":4,"16":4,"17":4,"18":4,"19":4,"20":4,"21":4,"22":4,"23":4,"24":4,"25":4,"26":4,"27":4,"28":4,"29":4,"30":4,"31":4,"32":4,"33":4,"34":4,"35":4,"36":4,"37":4,"38":4,"39":4,"40":4,"41":4,"42":4,"43":4,"44":4,"45":4,"46":4,"47":4,"48":4,"49":4,"50":4,"51":4,"52":4,"53":4,"54":4,"55":4,"56":4,"57":4,"58":4,"59":4,"60":4},"f":{},"b":{},"meta":{"lastBranch":0,"lastFunction":0,"lastStatement":61,"seen":{"s:12:52:17:Infinity":0,"s:19:55:24:Infinity":1,"s:26:53:31:Infinity":2,"s:33:31:33:Infinity":3,"s:36:34:36:Infinity":4,"s:37:37:37:Infinity":5,"s:38:35:38:Infinity":6,"s:39:38:39:Infinity":7,"s:41:29:41:Infinity":8,"s:48:31:48:Infinity":9,"s:49:28:49:Infinity":10,"s:51:61:63:Infinity":11,"s:69:31:69:Infinity":12,"s:70:34:70:Infinity":13,"s:72:29:72:Infinity":14,"s:73:29:73:Infinity":15,"s:74:32:74:Infinity":16,"s:76:40:76:Infinity":17,"s:77:43:77:Infinity":18,"s:79:40:79:Infinity":19,"s:80:38:80:Infinity":20,"s:82:33:82:Infinity":21,"s:83:45:83:Infinity":22,"s:84:43:84:Infinity":23,"s:85:39:85:Infinity":24,"s:98:56:153:Infinity":25,"s:159:36:159:Infinity":26,"s:160:34:160:Infinity":27,"s:166:33:166:Infinity":28,"s:167:30:167:Infinity":29,"s:168:33:168:Infinity":30,"s:169:40:169:Infinity":31,"s:170:34:170:Infinity":32,"s:176:36:176:Infinity":33,"s:177:49:177:Infinity":34,"s:178:50:178:Infinity":35,"s:184:41:184:Infinity":36,"s:190:42:190:Infinity":37,"s:191:45:191:Infinity":38,"s:192:41:192:Infinity":39,"s:193:37:193:Infinity":40,"s:199:30:199:Infinity":41,"s:200:26:200:Infinity":42,"s:201:27:201:Infinity":43,"s:202:31:202:Infinity":44,"s:203:39:203:Infinity":45,"s:204:32:204:Infinity":46,"s:205:44:205:Infinity":47,"s:206:37:206:Infinity":48,"s:207:28:207:Infinity":49,"s:213:41:213:Infinity":50,"s:219:40:219:Infinity":51,"s:220:41:220:Infinity":52,"s:226:45:226:Infinity":53,"s:227:40:227:Infinity":54,"s:233:40:233:Infinity":55,"s:234:38:234:Infinity":56,"s:235:41:235:Infinity":57,"s:241:32:241:Infinity":58,"s:242:34:242:Infinity":59,"s:248:34:248:Infinity":60}}}
,"C:\\Users\\brand\\OneDrive\\Documents\\Farm Idle Game\\src\\context\\ArchieContext.tsx": {"path":"C:\\Users\\brand\\OneDrive\\Documents\\Farm Idle Game\\src\\context\\ArchieContext.tsx","statementMap":{"0":{"start":{"line":28,"column":23},"end":{"line":28,"column":null}},"1":{"start":{"line":30,"column":6},"end":{"line":30,"column":null}},"2":{"start":{"line":32,"column":71},"end":{"line":237,"column":null}},"3":{"start":{"line":33,"column":40},"end":{"line":33,"column":null}},"4":{"start":{"line":34,"column":38},"end":{"line":34,"column":null}},"5":{"start":{"line":35,"column":48},"end":{"line":35,"column":null}},"6":{"start":{"line":36,"column":40},"end":{"line":36,"column":null}},"7":{"start":{"line":37,"column":48},"end":{"line":37,"column":null}},"8":{"start":{"line":38,"column":38},"end":{"line":38,"column":null}},"9":{"start":{"line":39,"column":46},"end":{"line":39,"column":null}},"10":{"start":{"line":42,"column":26},"end":{"line":66,"column":null}},"11":{"start":{"line":43,"column":4},"end":{"line":65,"column":null}},"12":{"start":{"line":44,"column":6},"end":{"line":62,"column":null}},"13":{"start":{"line":45,"column":28},"end":{"line":45,"column":null}},"14":{"start":{"line":46,"column":8},"end":{"line":46,"column":null}},"15":{"start":{"line":49,"column":8},"end":{"line":51,"column":null}},"16":{"start":{"line":50,"column":10},"end":{"line":50,"column":null}},"17":{"start":{"line":53,"column":8},"end":{"line":55,"column":null}},"18":{"start":{"line":54,"column":10},"end":{"line":54,"column":null}},"19":{"start":{"line":57,"column":8},"end":{"line":59,"column":null}},"20":{"start":{"line":58,"column":10},"end":{"line":58,"column":null}},"21":{"start":{"line":61,"column":8},"end":{"line":61,"column":null}},"22":{"start":{"line":64,"column":6},"end":{"line":64,"column":null}},"23":{"start":{"line":69,"column":29},"end":{"line":71,"column":null}},"24":{"start":{"line":70,"column":4},"end":{"line":70,"column":null}},"25":{"start":{"line":74,"column":28},"end":{"line":150,"column":null}},"26":{"start":{"line":82,"column":24},"end":{"line":82,"column":null}},"27":{"start":{"line":85,"column":20},"end":{"line":85,"column":null}},"28":{"start":{"line":86,"column":4},"end":{"line":88,"column":null}},"29":{"start":{"line":87,"column":6},"end":{"line":87,"column":null}},"30":{"start":{"line":89,"column":4},"end":{"line":89,"column":null}},"31":{"start":{"line":92,"column":4},"end":{"line":92,"column":null}},"32":{"start":{"line":95,"column":21},"end":{"line":95,"column":null}},"33":{"start":{"line":97,"column":4},"end":{"line":110,"column":null}},"34":{"start":{"line":99,"column":26},"end":{"line":99,"column":null}},"35":{"start":{"line":100,"column":31},"end":{"line":100,"column":null}},"36":{"start":{"line":101,"column":26},"end":{"line":101,"column":null}},"37":{"start":{"line":105,"column":6},"end":{"line":105,"column":null}},"38":{"start":{"line":108,"column":25},"end":{"line":108,"column":null}},"39":{"start":{"line":109,"column":6},"end":{"line":109,"column":null}},"40":{"start":{"line":112,"column":29},"end":{"line":112,"column":null}},"41":{"start":{"line":113,"column":29},"end":{"line":113,"column":null}},"42":{"start":{"line":115,"column":19},"end":{"line":115,"column":null}},"43":{"start":{"line":118,"column":4},"end":{"line":118,"column":null}},"44":{"start":{"line":121,"column":4},"end":{"line":135,"column":null}},"45":{"start":{"line":123,"column":24},"end":{"line":123,"column":null}},"46":{"start":{"line":124,"column":26},"end":{"line":124,"column":null}},"47":{"start":{"line":126,"column":24},"end":{"line":126,"column":null}},"48":{"start":{"line":129,"column":6},"end":{"line":129,"column":null}},"49":{"start":{"line":131,"column":31},"end":{"line":131,"column":null}},"50":{"start":{"line":134,"column":6},"end":{"line":134,"column":null}},"51":{"start":{"line":138,"column":4},"end":{"line":138,"column":null}},"52":{"start":{"line":141,"column":4},"end":{"line":141,"column":null}},"53":{"start":{"line":144,"column":4},"end":{"line":149,"column":null}},"54":{"start":{"line":145,"column":6},"end":{"line":145,"column":null}},"55":{"start":{"line":146,"column":6},"end":{"line":146,"column":null}},"56":{"start":{"line":148,"column":6},"end":{"line":148,"column":null}},"57":{"start":{"line":153,"column":2},"end":{"line":162,"column":null}},"58":{"start":{"line":154,"column":4},"end":{"line":161,"column":null}},"59":{"start":{"line":155,"column":24},"end":{"line":155,"column":null}},"60":{"start":{"line":156,"column":6},"end":{"line":158,"column":null}},"61":{"start":{"line":157,"column":8},"end":{"line":157,"column":null}},"62":{"start":{"line":160,"column":6},"end":{"line":160,"column":null}},"63":{"start":{"line":165,"column":2},"end":{"line":195,"column":null}},"64":{"start":{"line":166,"column":4},"end":{"line":194,"column":null}},"65":{"start":{"line":167,"column":26},"end":{"line":167,"column":null}},"66":{"start":{"line":168,"column":6},"end":{"line":170,"column":null}},"67":{"start":{"line":169,"column":8},"end":{"line":169,"column":null}},"68":{"start":{"line":173,"column":24},"end":{"line":173,"column":null}},"69":{"start":{"line":174,"column":6},"end":{"line":179,"column":null}},"70":{"start":{"line":175,"column":25},"end":{"line":175,"column":null}},"71":{"start":{"line":176,"column":8},"end":{"line":178,"column":null}},"72":{"start":{"line":177,"column":10},"end":{"line":177,"column":null}},"73":{"start":{"line":182,"column":32},"end":{"line":182,"column":null}},"74":{"start":{"line":183,"column":6},"end":{"line":185,"column":null}},"75":{"start":{"line":184,"column":8},"end":{"line":184,"column":null}},"76":{"start":{"line":188,"column":30},"end":{"line":188,"column":null}},"77":{"start":{"line":189,"column":6},"end":{"line":191,"column":null}},"78":{"start":{"line":190,"column":8},"end":{"line":190,"column":null}},"79":{"start":{"line":193,"column":6},"end":{"line":193,"column":null}},"80":{"start":{"line":198,"column":2},"end":{"line":204,"column":null}},"81":{"start":{"line":199,"column":4},"end":{"line":203,"column":null}},"82":{"start":{"line":200,"column":6},"end":{"line":200,"column":null}},"83":{"start":{"line":202,"column":6},"end":{"line":202,"column":null}},"84":{"start":{"line":207,"column":2},"end":{"line":213,"column":null}},"85":{"start":{"line":208,"column":4},"end":{"line":212,"column":null}},"86":{"start":{"line":209,"column":6},"end":{"line":209,"column":null}},"87":{"start":{"line":211,"column":6},"end":{"line":211,"column":null}},"88":{"start":{"line":215,"column":2},"end":{"line":235,"column":null}},"89":{"start":{"line":239,"column":25},"end":{"line":245,"column":null}},"90":{"start":{"line":240,"column":8},"end":{"line":240,"column":null}},"91":{"start":{"line":241,"column":2},"end":{"line":243,"column":null}},"92":{"start":{"line":242,"column":4},"end":{"line":242,"column":null}},"93":{"start":{"line":244,"column":2},"end":{"line":244,"column":null}}},"fnMap":{"0":{"name":"(anonymous_0)","decl":{"start":{"line":32,"column":71},"end":{"line":32,"column":72}},"loc":{"start":{"line":32,"column":89},"end":{"line":237,"column":null}},"line":32},"1":{"name":"(anonymous_1)","decl":{"start":{"line":42,"column":26},"end":{"line":42,"column":32}},"loc":{"start":{"line":42,"column":32},"end":{"line":66,"column":null}},"line":42},"2":{"name":"(anonymous_2)","decl":{"start":{"line":49,"column":55},"end":{"line":49,"column":61}},"loc":{"start":{"line":49,"column":61},"end":{"line":51,"column":9}},"line":49},"3":{"name":"(anonymous_3)","decl":{"start":{"line":53,"column":46},"end":{"line":53,"column":47}},"loc":{"start":{"line":53,"column":53},"end":{"line":55,"column":9}},"line":53},"4":{"name":"(anonymous_4)","decl":{"start":{"line":57,"column":33},"end":{"line":57,"column":34}},"loc":{"start":{"line":57,"column":44},"end":{"line":59,"column":9}},"line":57},"5":{"name":"(anonymous_5)","decl":{"start":{"line":69,"column":29},"end":{"line":69,"column":35}},"loc":{"start":{"line":69,"column":35},"end":{"line":71,"column":null}},"line":69},"6":{"name":"(anonymous_6)","decl":{"start":{"line":74,"column":28},"end":{"line":74,"column":29}},"loc":{"start":{"line":80,"column":8},"end":{"line":150,"column":null}},"line":80},"7":{"name":"(anonymous_7)","decl":{"start":{"line":153,"column":12},"end":{"line":153,"column":18}},"loc":{"start":{"line":153,"column":18},"end":{"line":162,"column":5}},"line":153},"8":{"name":"(anonymous_8)","decl":{"start":{"line":165,"column":12},"end":{"line":165,"column":18}},"loc":{"start":{"line":165,"column":18},"end":{"line":195,"column":5}},"line":165},"9":{"name":"(anonymous_9)","decl":{"start":{"line":198,"column":12},"end":{"line":198,"column":18}},"loc":{"start":{"line":198,"column":18},"end":{"line":204,"column":5}},"line":198},"10":{"name":"(anonymous_10)","decl":{"start":{"line":207,"column":12},"end":{"line":207,"column":18}},"loc":{"start":{"line":207,"column":18},"end":{"line":213,"column":5}},"line":207},"11":{"name":"(anonymous_11)","decl":{"start":{"line":239,"column":25},"end":{"line":239,"column":31}},"loc":{"start":{"line":239,"column":31},"end":{"line":245,"column":null}},"line":239}},"branchMap":{"0":{"loc":{"start":{"line":43,"column":4},"end":{"line":65,"column":null}},"type":"if","locations":[{"start":{"line":43,"column":4},"end":{"line":65,"column":null}},{"start":{"line":63,"column":11},"end":{"line":65,"column":null}}],"line":43},"1":{"loc":{"start":{"line":86,"column":4},"end":{"line":88,"column":null}},"type":"if","locations":[{"start":{"line":86,"column":4},"end":{"line":88,"column":null}},{"start":{},"end":{}}],"line":86},"2":{"loc":{"start":{"line":97,"column":4},"end":{"line":110,"column":null}},"type":"if","locations":[{"start":{"line":97,"column":4},"end":{"line":110,"column":null}},{"start":{},"end":{}}],"line":97},"3":{"loc":{"start":{"line":121,"column":4},"end":{"line":135,"column":null}},"type":"if","locations":[{"start":{"line":121,"column":4},"end":{"line":135,"column":null}},{"start":{},"end":{}}],"line":121},"4":{"loc":{"start":{"line":121,"column":8},"end":{"line":121,"column":90}},"type":"binary-expr","locations":[{"start":{"line":121,"column":8},"end":{"line":121,"column":45}},{"start":{"line":121,"column":45},"end":{"line":121,"column":90}}],"line":121},"5":{"loc":{"start":{"line":156,"column":6},"end":{"line":158,"column":null}},"type":"if","locations":[{"start":{"line":156,"column":6},"end":{"line":158,"column":null}},{"start":{},"end":{}}],"line":156},"6":{"loc":{"start":{"line":168,"column":6},"end":{"line":170,"column":null}},"type":"if","locations":[{"start":{"line":168,"column":6},"end":{"line":170,"column":null}},{"start":{},"end":{}}],"line":168},"7":{"loc":{"start":{"line":174,"column":6},"end":{"line":179,"column":null}},"type":"if","locations":[{"start":{"line":174,"column":6},"end":{"line":179,"column":null}},{"start":{},"end":{}}],"line":174},"8":{"loc":{"start":{"line":176,"column":8},"end":{"line":178,"column":null}},"type":"if","locations":[{"start":{"line":176,"column":8},"end":{"line":178,"column":null}},{"start":{},"end":{}}],"line":176},"9":{"loc":{"start":{"line":183,"column":6},"end":{"line":185,"column":null}},"type":"if","locations":[{"start":{"line":183,"column":6},"end":{"line":185,"column":null}},{"start":{},"end":{}}],"line":183},"10":{"loc":{"start":{"line":189,"column":6},"end":{"line":191,"column":null}},"type":"if","locations":[{"start":{"line":189,"column":6},"end":{"line":191,"column":null}},{"start":{},"end":{}}],"line":189},"11":{"loc":{"start":{"line":189,"column":10},"end":{"line":189,"column":104}},"type":"binary-expr","locations":[{"start":{"line":189,"column":10},"end":{"line":189,"column":29}},{"start":{"line":189,"column":29},"end":{"line":189,"column":104}}],"line":189},"12":{"loc":{"start":{"line":241,"column":2},"end":{"line":243,"column":null}},"type":"if","locations":[{"start":{"line":241,"column":2},"end":{"line":243,"column":null}},{"start":{},"end":{}}],"line":241}},"s":{"0":3,"1":3,"2":3,"3":72,"4":72,"5":72,"6":72,"7":72,"8":72,"9":72,"10":72,"11":20,"12":19,"13":19,"14":19,"15":19,"16":0,"17":19,"18":0,"19":19,"20":1,"21":5,"22":1,"23":72,"24":4,"25":72,"26":16,"27":16,"28":16,"29":2,"30":16,"31":16,"32":16,"33":16,"34":7,"35":7,"36":7,"37":7,"38":7,"39":7,"40":16,"41":16,"42":16,"43":16,"44":16,"45":0,"46":0,"47":0,"48":0,"49":0,"50":0,"51":16,"52":16,"53":16,"54":16,"55":16,"56":1,"57":72,"58":34,"59":34,"60":34,"61":4,"62":0,"63":72,"64":34,"65":34,"66":34,"67":4,"68":34,"69":34,"70":4,"71":4,"72":1,"73":34,"74":34,"75":3,"76":34,"77":34,"78":3,"79":0,"80":72,"81":37,"82":37,"83":1,"84":72,"85":35,"86":35,"87":1,"88":72,"89":3,"90":67,"91":67,"92":2,"93":64},"f":{"0":72,"1":20,"2":0,"3":0,"4":1,"5":4,"6":16,"7":34,"8":34,"9":37,"10":35,"11":67},"b":{"0":[19,1],"1":[2,14],"2":[7,9],"3":[0,16],"4":[16,0],"5":[4,30],"6":[4,30],"7":[4,30],"8":[1,3],"9":[3,31],"10":[3,31],"11":[34,3],"12":[2,65]},"meta":{"lastBranch":13,"lastFunction":12,"lastStatement":94,"seen":{"s:28:23:28:Infinity":0,"s:30:6:30:Infinity":1,"s:32:71:237:Infinity":2,"f:32:71:32:72":0,"s:33:40:33:Infinity":3,"s:34:38:34:Infinity":4,"s:35:48:35:Infinity":5,"s:36:40:36:Infinity":6,"s:37:48:37:Infinity":7,"s:38:38:38:Infinity":8,"s:39:46:39:Infinity":9,"s:42:26:66:Infinity":10,"f:42:26:42:32":1,"b:43:4:65:Infinity:63:11:65:Infinity":0,"s:43:4:65:Infinity":11,"s:44:6:62:Infinity":12,"s:45:28:45:Infinity":13,"s:46:8:46:Infinity":14,"s:49:8:51:Infinity":15,"f:49:55:49:61":2,"s:50:10:50:Infinity":16,"s:53:8:55:Infinity":17,"f:53:46:53:47":3,"s:54:10:54:Infinity":18,"s:57:8:59:Infinity":19,"f:57:33:57:34":4,"s:58:10:58:Infinity":20,"s:61:8:61:Infinity":21,"s:64:6:64:Infinity":22,"s:69:29:71:Infinity":23,"f:69:29:69:35":5,"s:70:4:70:Infinity":24,"s:74:28:150:Infinity":25,"f:74:28:74:29":6,"s:82:24:82:Infinity":26,"s:85:20:85:Infinity":27,"b:86:4:88:Infinity:undefined:undefined:undefined:undefined":1,"s:86:4:88:Infinity":28,"s:87:6:87:Infinity":29,"s:89:4:89:Infinity":30,"s:92:4:92:Infinity":31,"s:95:21:95:Infinity":32,"b:97:4:110:Infinity:undefined:undefined:undefined:undefined":2,"s:97:4:110:Infinity":33,"s:99:26:99:Infinity":34,"s:100:31:100:Infinity":35,"s:101:26:101:Infinity":36,"s:105:6:105:Infinity":37,"s:108:25:108:Infinity":38,"s:109:6:109:Infinity":39,"s:112:29:112:Infinity":40,"s:113:29:113:Infinity":41,"s:115:19:115:Infinity":42,"s:118:4:118:Infinity":43,"b:121:4:135:Infinity:undefined:undefined:undefined:undefined":3,"s:121:4:135:Infinity":44,"b:121:8:121:45:121:45:121:90":4,"s:123:24:123:Infinity":45,"s:124:26:124:Infinity":46,"s:126:24:126:Infinity":47,"s:129:6:129:Infinity":48,"s:131:31:131:Infinity":49,"s:134:6:134:Infinity":50,"s:138:4:138:Infinity":51,"s:141:4:141:Infinity":52,"s:144:4:149:Infinity":53,"s:145:6:145:Infinity":54,"s:146:6:146:Infinity":55,"s:148:6:148:Infinity":56,"s:153:2:162:Infinity":57,"f:153:12:153:18":7,"s:154:4:161:Infinity":58,"s:155:24:155:Infinity":59,"b:156:6:158:Infinity:undefined:undefined:undefined:undefined":5,"s:156:6:158:Infinity":60,"s:157:8:157:Infinity":61,"s:160:6:160:Infinity":62,"s:165:2:195:Infinity":63,"f:165:12:165:18":8,"s:166:4:194:Infinity":64,"s:167:26:167:Infinity":65,"b:168:6:170:Infinity:undefined:undefined:undefined:undefined":6,"s:168:6:170:Infinity":66,"s:169:8:169:Infinity":67,"s:173:24:173:Infinity":68,"b:174:6:179:Infinity:undefined:undefined:undefined:undefined":7,"s:174:6:179:Infinity":69,"s:175:25:175:Infinity":70,"b:176:8:178:Infinity:undefined:undefined:undefined:undefined":8,"s:176:8:178:Infinity":71,"s:177:10:177:Infinity":72,"s:182:32:182:Infinity":73,"b:183:6:185:Infinity:undefined:undefined:undefined:undefined":9,"s:183:6:185:Infinity":74,"s:184:8:184:Infinity":75,"s:188:30:188:Infinity":76,"b:189:6:191:Infinity:undefined:undefined:undefined:undefined":10,"s:189:6:191:Infinity":77,"b:189:10:189:29:189:29:189:104":11,"s:190:8:190:Infinity":78,"s:193:6:193:Infinity":79,"s:198:2:204:Infinity":80,"f:198:12:198:18":9,"s:199:4:203:Infinity":81,"s:200:6:200:Infinity":82,"s:202:6:202:Infinity":83,"s:207:2:213:Infinity":84,"f:207:12:207:18":10,"s:208:4:212:Infinity":85,"s:209:6:209:Infinity":86,"s:211:6:211:Infinity":87,"s:215:2:235:Infinity":88,"s:239:25:245:Infinity":89,"f:239:25:239:31":11,"s:240:8:240:Infinity":90,"b:241:2:243:Infinity:undefined:undefined:undefined:undefined":12,"s:241:2:243:Infinity":91,"s:242:4:242:Infinity":92,"s:244:2:244:Infinity":93}}}
,"C:\\Users\\brand\\OneDrive\\Documents\\Farm Idle Game\\src\\data\\beeUpgrades.ts": {"path":"C:\\Users\\brand\\OneDrive\\Documents\\Farm Idle Game\\src\\data\\beeUpgrades.ts","statementMap":{"0":{"start":{"line":27,"column":90},"end":{"line":223,"column":null}},"1":{"start":{"line":230,"column":2},"end":{"line":235,"column":null}},"2":{"start":{"line":230,"column":46},"end":{"line":235,"column":4}},"3":{"start":{"line":242,"column":18},"end":{"line":242,"column":null}},"4":{"start":{"line":242,"column":49},"end":{"line":242,"column":60}},"5":{"start":{"line":243,"column":2},"end":{"line":243,"column":null}},"6":{"start":{"line":243,"column":16},"end":{"line":243,"column":null}},"7":{"start":{"line":245,"column":2},"end":{"line":250,"column":null}},"8":{"start":{"line":257,"column":2},"end":{"line":264,"column":null}},"9":{"start":{"line":258,"column":17},"end":{"line":258,"column":40}},"10":{"start":{"line":259,"column":21},"end":{"line":264,"column":6}},"11":{"start":{"line":276,"column":18},"end":{"line":276,"column":null}},"12":{"start":{"line":277,"column":2},"end":{"line":279,"column":null}},"13":{"start":{"line":277,"column":19},"end":{"line":277,"column":30}},"14":{"start":{"line":278,"column":4},"end":{"line":278,"column":null}},"15":{"start":{"line":280,"column":2},"end":{"line":280,"column":null}},"16":{"start":{"line":291,"column":2},"end":{"line":291,"column":null}},"17":{"start":{"line":291,"column":20},"end":{"line":291,"column":null}},"18":{"start":{"line":292,"column":2},"end":{"line":292,"column":null}},"19":{"start":{"line":304,"column":2},"end":{"line":319,"column":null}},"20":{"start":{"line":306,"column":4},"end":{"line":308,"column":null}},"21":{"start":{"line":307,"column":6},"end":{"line":307,"column":null}},"22":{"start":{"line":311,"column":4},"end":{"line":318,"column":null}},"23":{"start":{"line":312,"column":29},"end":{"line":314,"column":null}},"24":{"start":{"line":313,"column":8},"end":{"line":313,"column":null}},"25":{"start":{"line":315,"column":6},"end":{"line":317,"column":null}},"26":{"start":{"line":316,"column":8},"end":{"line":316,"column":null}},"27":{"start":{"line":321,"column":2},"end":{"line":323,"column":null}},"28":{"start":{"line":331,"column":33},"end":{"line":331,"column":null}},"29":{"start":{"line":333,"column":2},"end":{"line":335,"column":null}},"30":{"start":{"line":334,"column":4},"end":{"line":334,"column":null}},"31":{"start":{"line":337,"column":2},"end":{"line":343,"column":null}},"32":{"start":{"line":338,"column":25},"end":{"line":341,"column":null}},"33":{"start":{"line":339,"column":17},"end":{"line":339,"column":66}},"34":{"start":{"line":339,"column":48},"end":{"line":339,"column":59}},"35":{"start":{"line":342,"column":4},"end":{"line":342,"column":null}},"36":{"start":{"line":345,"column":2},"end":{"line":345,"column":null}},"37":{"start":{"line":375,"column":21},"end":{"line":375,"column":null}},"38":{"start":{"line":376,"column":21},"end":{"line":378,"column":null}},"39":{"start":{"line":380,"column":23},"end":{"line":380,"column":null}},"40":{"start":{"line":381,"column":20},"end":{"line":381,"column":null}},"41":{"start":{"line":383,"column":2},"end":{"line":395,"column":null}}},"fnMap":{"0":{"name":"createInitialBeeUpgrades","decl":{"start":{"line":229,"column":16},"end":{"line":229,"column":57}},"loc":{"start":{"line":229,"column":57},"end":{"line":236,"column":null}},"line":229},"1":{"name":"(anonymous_1)","decl":{"start":{"line":230,"column":34},"end":{"line":230,"column":46}},"loc":{"start":{"line":230,"column":46},"end":{"line":235,"column":4}},"line":230},"2":{"name":"getBeeUpgradeById","decl":{"start":{"line":241,"column":16},"end":{"line":241,"column":34}},"loc":{"start":{"line":241,"column":70},"end":{"line":251,"column":null}},"line":241},"3":{"name":"(anonymous_3)","decl":{"start":{"line":242,"column":44},"end":{"line":242,"column":49}},"loc":{"start":{"line":242,"column":49},"end":{"line":242,"column":60}},"line":242},"4":{"name":"getBeeUpgradesByCategory","decl":{"start":{"line":256,"column":16},"end":{"line":256,"column":41}},"loc":{"start":{"line":256,"column":89},"end":{"line":265,"column":null}},"line":256},"5":{"name":"(anonymous_5)","decl":{"start":{"line":258,"column":12},"end":{"line":258,"column":17}},"loc":{"start":{"line":258,"column":17},"end":{"line":258,"column":40}},"line":258},"6":{"name":"(anonymous_6)","decl":{"start":{"line":259,"column":9},"end":{"line":259,"column":21}},"loc":{"start":{"line":259,"column":21},"end":{"line":264,"column":6}},"line":259},"7":{"name":"calculateTotalUpgradeCost","decl":{"start":{"line":270,"column":16},"end":{"line":270,"column":null}},"loc":{"start":{"line":275,"column":10},"end":{"line":281,"column":null}},"line":275},"8":{"name":"getNextLevelCost","decl":{"start":{"line":286,"column":16},"end":{"line":286,"column":null}},"loc":{"start":{"line":290,"column":10},"end":{"line":293,"column":null}},"line":290},"9":{"name":"isUpgradeUnlocked","decl":{"start":{"line":298,"column":16},"end":{"line":298,"column":null}},"loc":{"start":{"line":302,"column":11},"end":{"line":325,"column":null}},"line":302},"10":{"name":"(anonymous_10)","decl":{"start":{"line":312,"column":60},"end":{"line":312,"column":null}},"loc":{"start":{"line":313,"column":8},"end":{"line":313,"column":null}},"line":313},"11":{"name":"getUpgradeRequirementText","decl":{"start":{"line":330,"column":16},"end":{"line":330,"column":42}},"loc":{"start":{"line":330,"column":73},"end":{"line":346,"column":null}},"line":330},"12":{"name":"(anonymous_12)","decl":{"start":{"line":339,"column":11},"end":{"line":339,"column":17}},"loc":{"start":{"line":339,"column":17},"end":{"line":339,"column":66}},"line":339},"13":{"name":"(anonymous_13)","decl":{"start":{"line":339,"column":43},"end":{"line":339,"column":48}},"loc":{"start":{"line":339,"column":48},"end":{"line":339,"column":59}},"line":339},"14":{"name":"getUpgradeSummary","decl":{"start":{"line":368,"column":16},"end":{"line":368,"column":null}},"loc":{"start":{"line":374,"column":18},"end":{"line":396,"column":null}},"line":374}},"branchMap":{"0":{"loc":{"start":{"line":243,"column":2},"end":{"line":243,"column":null}},"type":"if","locations":[{"start":{"line":243,"column":2},"end":{"line":243,"column":null}},{"start":{},"end":{}}],"line":243},"1":{"loc":{"start":{"line":291,"column":2},"end":{"line":291,"column":null}},"type":"if","locations":[{"start":{"line":291,"column":2},"end":{"line":291,"column":null}},{"start":{},"end":{}}],"line":291},"2":{"loc":{"start":{"line":304,"column":2},"end":{"line":319,"column":null}},"type":"if","locations":[{"start":{"line":304,"column":2},"end":{"line":319,"column":null}},{"start":{},"end":{}}],"line":304},"3":{"loc":{"start":{"line":306,"column":4},"end":{"line":308,"column":null}},"type":"if","locations":[{"start":{"line":306,"column":4},"end":{"line":308,"column":null}},{"start":{},"end":{}}],"line":306},"4":{"loc":{"start":{"line":306,"column":8},"end":{"line":306,"column":71}},"type":"binary-expr","locations":[{"start":{"line":306,"column":8},"end":{"line":306,"column":33}},{"start":{"line":306,"column":33},"end":{"line":306,"column":71}}],"line":306},"5":{"loc":{"start":{"line":311,"column":4},"end":{"line":318,"column":null}},"type":"if","lo
[...]
"start":{"line":185,"column":16},"end":{"line":185,"column":null}},"loc":{"start":{"line":188,"column":22},"end":{"line":303,"column":null}},"line":188},"9":{"name":"(anonymous_9)","decl":{"start":{"line":247,"column":30},"end":{"line":247,"column":35}},"loc":{"start":{"line":247,"column":35},"end":{"line":247,"column":79}},"line":247},"10":{"name":"rollbackMigrations","decl":{"start":{"line":308,"column":16},"end":{"line":308,"column":null}},"loc":{"start":{"line":312,"column":22},"end":{"line":417,"column":null}},"line":312},"11":{"name":"getMigrationLog","decl":{"start":{"line":422,"column":16},"end":{"line":422,"column":48}},"loc":{"start":{"line":422,"column":48},"end":{"line":432,"column":null}},"line":422},"12":{"name":"logMigration","decl":{"start":{"line":437,"column":16},"end":{"line":437,"column":29}},"loc":{"start":{"line":437,"column":61},"end":{"line":451,"column":null}},"line":437},"13":{"name":"clearMigrationLog","decl":{"start":{"line":456,"column":16},"end":{"line":456,"column":42}},"loc":{"start":{"line":456,"column":42},"end":{"line":462,"column":null}},"line":456},"14":{"name":"getMigrationSummary","decl":{"start":{"line":467,"column":16},"end":{"line":467,"column":46}},"loc":{"start":{"line":467,"column":46},"end":{"line":486,"column":null}},"line":467},"15":{"name":"(anonymous_15)","decl":{"start":{"line":474,"column":40},"end":{"line":474,"column":45}},"loc":{"start":{"line":474,"column":45},"end":{"line":474,"column":54}},"line":474},"16":{"name":"(anonymous_16)","decl":{"start":{"line":475,"column":36},"end":{"line":475,"column":41}},"loc":{"start":{"line":475,"column":41},"end":{"line":475,"column":51}},"line":475},"17":{"name":"needsMigration","decl":{"start":{"line":491,"column":16},"end":{"line":491,"column":31}},"loc":{"start":{"line":491,"column":55},"end":{"line":494,"column":null}},"line":491},"18":{"name":"getCurrentVersion","decl":{"start":{"line":499,"column":16},"end":{"line":499,"column":44}},"loc":{"start":{"line":499,"column":44},"end":{"line":501,"column":null}},"line":499}},"branchMap":{"0":{"loc":{"start":{"line":42,"column":2},"end":{"line":44,"column":null}},"type":"if","locations":[{"start":{"line":42,"column":2},"end":{"line":44,"column":null}},{"start":{},"end":{}}],"line":42},"1":{"loc":{"start":{"line":47,"column":2},"end":{"line":52,"column":null}},"type":"if","locations":[{"start":{"line":47,"column":2},"end":{"line":52,"column":null}},{"start":{},"end":{}}],"line":47},"2":{"loc":{"start":{"line":47,"column":6},"end":{"line":47,"column":75}},"type":"binary-expr","locations":[{"start":{"line":47,"column":6},"end":{"line":47,"column":34}},{"start":{"line":47,"column":34},"end":{"line":47,"column":51}},{"start":{"line":47,"column":51},"end":{"line":47,"column":75}}],"line":47},"3":{"loc":{"start":{"line":49,"column":4},"end":{"line":51,"column":null}},"type":"if","locations":[{"start":{"line":49,"column":4},"end":{"line":51,"column":null}},{"start":{},"end":{}}],"line":49},"4":{"loc":{"start":{"line":55,"column":2},"end":{"line":77,"column":null}},"type":"if","locations":[{"start":{"line":55,"column":2},"end":{"line":77,"column":null}},{"start":{},"end":{}}],"line":55},"5":{"loc":{"start":{"line":59,"column":4},"end":{"line":63,"column":null}},"type":"if","locations":[{"start":{"line":59,"column":4},"end":{"line":63,"column":null}},{"start":{},"end":{}}],"line":59},"6":{"loc":{"start":{"line":59,"column":8},"end":{"line":59,"column":81}},"type":"binary-expr","locations":[{"start":{"line":59,"column":8},"end":{"line":59,"column":38}},{"start":{"line":59,"column":38},"end":{"line":59,"column":81}}],"line":59},"7":{"loc":{"start":{"line":66,"column":4},"end":{"line":66,"column":null}},"type":"if","locations":[{"start":{"line":66,"column":4},"end":{"line":66,"column":null}},{"start":{},"end":{}}],"line":66},"8":{"loc":{"start":{"line":67,"column":4},"end":{"line":67,"column":null}},"type":"if","locations":[{"start":{"line":67,"column":4},"end":{"line":67,"column":null}},{"start":{},"end":{}}],"line":67},"9":{"loc":{"start":{"line":68,"column":4},"end":{"line":74,"column":null}},"type":"if","locations":[{"start":{"line":68,"column":4},"end":{"line":74,"column":null}},{"start":{},"end":{}}],"line":68},"10":{"loc":{"start":{"line":70,"column":6},"end":{"line":73,"column":null}},"type":"if","locations":[{"start":{"line":70,"column":6},"end":{"line":73,"column":null}},{"start":{},"end":{}}],"line":70},"11":{"loc":{"start":{"line":70,"column":10},"end":{"line":70,"column":73}},"type":"binary-expr","locations":[{"start":{"line":70,"column":10},"end":{"line":70,"column":35}},{"start":{"line":70,"column":35},"end":{"line":70,"column":73}}],"line":70},"12":{"loc":{"start":{"line":72,"column":8},"end":{"line":72,"column":null}},"type":"if","locations":[{"start":{"line":72,"column":8},"end":{"line":72,"column":null}},{"start":{},"end":{}}],"line":72},"13":{"loc":{"start":{"line":102,"column":2},"end":{"line":104,"column":null}},"type":"if","locations":[{"start":{"line":102,"column":2},"end":{"line":104,"column":null}},{"start":{},"end":{}}],"line":102},"14":{"loc":{"start":{"line":134,"column":2},"end":{"line":140,"column":null}},"type":"if","locations":[{"start":{"line":134,"column":2},"end":{"line":140,"column":null}},{"start":{},"end":{}}],"line":134},"15":{"loc":{"start":{"line":143,"column":4},"end":{"line":145,"column":null}},"type":"if","locations":[{"start":{"line":143,"column":4},"end":{"line":145,"column":null}},{"start":{},"end":{}}],"line":143},"16":{"loc":{"start":{"line":150,"column":4},"end":{"line":152,"column":null}},"type":"if","locations":[{"start":{"line":150,"column":4},"end":{"line":152,"column":null}},{"start":{},"end":{}}],"line":150},"17":{"loc":{"start":{"line":164,"column":25},"end":{"line":164,"column":null}},"type":"cond-expr","locations":[{"start":{"line":164,"column":50},"end":{"line":164,"column":66}},{"start":{"line":164,"column":66},"end":{"line":164,"column":null}}],"line":164},"18":{"loc":{"start":{"line":166,"column":4},"end":{"line":168,"column":null}},"type":"if","locations":[{"start":{"line":166,"column":4},"end":{"line":168,"column":null}},{"start":{},"end":{}}],"line":166},"19":{"loc":{"start":{"line":187,"column":2},"end":{"line":187,"column":null}},"type":"default-arg","locations":[{"start":{"line":187,"column":37},"end":{"line":187,"column":null}}],"line":187},"20":{"loc":{"start":{"line":197,"column":2},"end":{"line":207,"column":null}},"type":"if","locations":[{"start":{"line":197,"column":2},"end":{"line":207,"column":null}},{"start":{},"end":{}}],"line":197},"21":{"loc":{"start":{"line":212,"column":2},"end":{"line":221,"column":null}},"type":"if","locations":[{"start":{"line":212,"column":2},"end":{"line":221,"column":null}},{"start":{},"end":{}}],"line":212},"22":{"loc":{"start":{"line":226,"column":2},"end":{"line":229,"column":null}},"type":"if","locations":[{"start":{"line":226,"column":2},"end":{"line":229,"column":null}},{"start":{},"end":{}}],"line":226},"23":{"loc":{"start":{"line":232,"column":6},"end":{"line":232,"column":null}},"type":"cond-expr","locations":[{"start":{"line":232,"column":48},"end":{"line":232,"column":82}},{"start":{"line":232,"column":82},"end":{"line":232,"column":null}}],"line":232},"24":{"loc":{"start":{"line":241,"column":4},"end":{"line":243,"column":null}},"type":"if","locations":[{"start":{"line":241,"column":4},"end":{"line":243,"column":null}},{"start":{},"end":{}}],"line":241},"25":{"loc":{"start":{"line":246,"column":4},"end":{"line":248,"column":null}},"type":"if","locations":[{"start":{"line":246,"column":4},"end":{"line":248,"column":null}},{"start":{},"end":{}}],"line":246},"26":{"loc":{"start":{"line":246,"column":8},"end":{"line":246,"column":60}},"type":"binary-expr","locations":[{"start":{"line":246,"column":8},"end":{"line":246,"column":32}},{"start":{"line":246,"column":32},"end":{"line":246,"column":60}}],"line":246},"27":{"loc":{"start":{"line":250,"column":4},"end":{"line":272,"column":null}},"type":"if","locations":[{"start":{"line":250,"column":4},"end":{"line":272,"column":null}},{"start":{},"end":{}}],"line":250},"28":{"loc":{"start":{"line":291,"column":2},"end":{"line":293,"column":null}},"type":"if","locations":[{"start":{"line":291,"column":2},"end":{"line":293,"column":null}},{"start":{},"end":{}}],"line":291},"29":{"loc":{"start":{"line":311,"column":2},"end":{"line":311,"column":null}},"type":"default-arg","locations":[{"start":{"line":311,"column":37},"end":{"line":311,"column":null}}],"line":311},"30":{"loc":{"start":{"line":319,"column":2},"end":{"line":329,"column":null}},"type":"if","locations":[{"start":{"line":319,"column":2},"end":{"line":329,"column":null}},{"start":{},"end":{}}],"line":319},"31":{"loc":{"start":{"line":333,"column":2},"end":{"line":336,"column":null}},"type":"if","locations":[{"start":{"line":333,"column":2},"end":{"line":336,"column":null}},{"start":{},"end":{}}],"line":333},"32":{"loc":{"start":{"line":338,"column":6},"end":{"line":338,"column":null}},"type":"cond-expr","locations":[{"start":{"line":338,"column":48},"end":{"line":338,"column":82}},{"start":{"line":338,"column":82},"end":{"line":338,"column":null}}],"line":338},"33":{"loc":{"start":{"line":342,"column":4},"end":{"line":362,"column":null}},"type":"if","locations":[{"start":{"line":342,"column":4},"end":{"line":362,"column":null}},{"start":{},"end":{}}],"line":342},"34":{"loc":{"start":{"line":376,"column":27},"end":{"line":376,"column":null}},"type":"cond-expr","locations":[{"start":{"line":376,"column":52},"end":{"line":376,"column":68}},{"start":{"line":376,"column":68},"end":{"line":376,"column":null}}],"line":376},"35":{"loc":{"start":{"line":425,"column":4},"end":{"line":427,"column":null}},"type":"if","locations":[{"start":{"line":425,"column":4},"end":{"line":427,"column":null}},{"start":{},"end":{}}],"line":425},"36":{"loc":{"start":{"line":470,"column":2},"end":{"line":472,"column":null}},"type":"if","locations":[{"start":{"line":470,"column":2},"end":{"line":472,"column":null}},{"start":{},"end":{}}],"line":470}},"s":{"0":3,"1":3,"2":3,"3":32,"4":5,"5":27,"6":2,"7":2,"8":2,"9":25,"10":16,"11":16,"12":5,"13":11,"14":1,"15":10,"16":1,"17":9,"18":0,"19":0,"20":0,"21":0,"22":0,"23":0,"24":9,"25":9,"26":7,"27":49,"28":37,"29":2,"30":1,"31":1,"32":0,"33":59,"34":59,"35":59,"36":59,"37":59,"38":0,"39":59,"40":59,"41":13,"42":59,"43":59,"44":59,"45":13,"46":59,"47":0,"48":0,"49":0,"50":0,"51":0,"52":10,"53":10,"54":10,"55":10,"56":10,"57":10,"58":1,"59":9,"60":9,"61":0,"62":9,"63":9,"64":2,"65":2,"66":9,"67":10,"68":10,"69":59,"70":59,"71":59,"72":0,"73":59,"74":0,"75":0,"76":59,"77":0,"78":0,"79":0,"80":59,"81":59,"82":9,"83":9,"84":9,"85":2,"86":9,"87":2,"88":2,"89":2,"90":2,"91":2,"92":1,"93":1,"94":1,"95":0,"96":0,"97":1,"98":2,"99":2,"100":7,"101":0,"102":0,"103":0,"104":7,"105":7,"106":7,"107":7,"108":0,"109":0,"110":0,"111":1,"112":1,"113":1,"114":12,"115":12,"116":12,"117":11,"118":1,"119":0,"120":10,"121":10,"122":10,"123":10,"124":0,"125":10,"126":35,"127":35,"128":0,"129":0,"130":0,"131":0,"132":0,"133":0,"134":0,"135":0,"136":0,"137":8,"138":8,"139":1},"f":{"0":32,"1":0,"2":7,"3":49,"4":37,"5":2,"6":0,"7":59,"8":10,"9":0,"10":2,"11":12,"12":10,"13":35,"14":0,"15":0,"16":0,"17":8,"18":1},"b":{"0":[5,27],"1":[2,25],"2":[27,22,20],"3":[2,0],"4":[16,9],"5":[5,11],"6":[16,5],"7":[1,10],"8":[1,9],"9":[0,9],"10":[0,0],"11":[0,0],"12":[0,0],"13":[1,1],"14":[59,0],"15":[13,46],"16":[13,46],"17":[0,0],"18":[0,0],"19":[10],"20":[1,9],"21":[0,9],"22":[2,7],"23":[0,9],"24":[0,59],"25":[0,59],"26":[59,0],"27":[0,59],"28":[2,7],"29":[2],"30":[1,1],"31":[0,1],"32":[1,0],"33":[0,7],"34":[0,0],"35":[11,1],"36":[0,0]},"meta":{"lastBranch":37,"lastFunction":19,"lastStatement":140,"seen":{"s:21:26:21:Infinity":0,"s:24:24:24:Infinity":1,"s:29:40:35:Infinity":2,"f:41:16:41:30":0,"b:42:2:44:Infinity:undefined:undefined:undefined:undefined":0,"s:42:2:44:Infinity":3,"s:43:4:43:Infinity":4,"b:47:2:52:Infinity:undefined:undefined:undefined:undefined":1,"s:47:2:52:Infinity":5,"b:47:6:47:34:47:34:47:51:47:51:47:75":2,"s:48:25:48:Infinity":6,"b:49:4:51:Infinity:undefined:undefined:undefined:undefined":3,"s:49:4:51:Infinity":7,"s:50:6:50:Infinity":8,"b:55:2:77:Infinity:undefined:undefined:undefined:undefined":4,"s:55:2:77:Infinity":9,"s:56:19:56:Infinity":10,"b:59:4:63:Infinity:undefined:undefined:undefined:undefined":5,"s:59:4:63:Infinity":11,"b:59:8:59:38:59:38:59:81":6,"s:62:6:62:Infinity":12,"b:66:4:66:Infinity:undefined:undefined:undefined:undefined":7,"s:66:4:66:Infinity":13,"s:66:30:66:Infinity":14,"b:67:4:67:Infinity:undefined:undefined:undefined:undefined":8,"s:67:4:67:Infinity":15,"s:67:43:67:Infinity":16,"b:68:4:74:Infinity:undefined:undefined:undefined:undefined":9,"s:68:4:74:Infinity":17,"s:69:27:69:Infinity":18,"b:70:6:73:Infinity:undefined:undefined:undefined:undefined":10,"s:70:6:73:Infinity":19,"b:70:10:70:35:70:35:70:73":11,"s:71:34:71:Infinity":20,"f:71:85:71:90":1,"s:71:90:71:107":21,"b:72:8:72:Infinity:undefined:undefined:undefined:undefined":12,"s:72:8:72:Infinity":22,"s:72:30:72:Infinity":23,"s:76:4:76:Infinity":24,"s:79:2:79:Infinity":25,"f:85:16:85:36":2,"s:86:2:95:Infinity":26,"f:92:43:92:48":3,"s:92:48:92:68":27,"f:92:74:92:79":4,"s:92:79:92:88":28,"f:101:16:101:30":5,"b:102:2:104:Infinity:undefined:undefined:undefined:undefined":13,"s:102:2:104:Infinity":29,"s:103:4:103:Infinity":30,"s:105:2:105:Infinity":31,"f:111:16:111:31":6,"s:112:2:118:Infinity":32,"f:124:9:124:Infinity":7,"s:129:20:129:Infinity":33,"s:130:29:130:Infinity":34,"b:134:2:140:Infinity:undefined:undefined:undefined:undefined":14,"s:134:2:140:Infinity":35,"s:135:4:139:Infinity":36,"s:136:6:136:Infinity":37,"s:138:6:138:Infinity":38,"s:142:2:179:Infinity":39,"b:143:4:145:Infinity:undefined:undefined:undefined:undefined":15,"s:143:4:145:Infinity":40,"s:144:6:144:Infinity":41,"s:147:4:147:Infinity":42,"s:148:21:148:Infinity":43,"b:150:4:152:Infinity:undefined:undefined:undefined:undefined":16,"s:150:4:152:Infinity":44,"s:151:6:151:Infinity":45,"s:154:4:161:Infinity":46,"s:163:21:163:Infinity":47,"s:164:25:164:Infinity":48,"b:164:50:164:66:164:66:164:Infinity":17,"b:166:4:168:Infinity:undefined:undefined:undefined:undefined":18,"s:166:4:168:Infinity":49,"s:167:6:167:Infinity":50,"s:170:4:178:Infinity":51,"f:185:16:185:Infinity":8,"b:187:37:187:Infinity":19,"s:189:38:189:Infinity":52,"s:190:20:190:Infinity":53,"s:191:37:191:Infinity":54,"s:194:22:194:Infinity":55,"s:195:20:195:Infinity":56,"b:197:2:207:Infinity:undefined:undefined:undefined:undefined":20,"s:197:2:207:Infinity":57,"s:199:4:206:Infinity":58,"s:210:8:210:Infinity":59,"b:212:2:221:Infinity:undefined:undefined:undefined:undefined":21,"s:212:2:221:Infinity":60,"s:213:4:220:Infinity":61,"s:224:28:224:Infinity":62,"b:226:2:229:Infinity:undefined:undefined:undefined:undefined":22,"s:226:2:229:Infinity":63,"s:227:4:227:Infinity":64,"s:228:4:228:Infinity":65,"s:232:6:232:Infinity":66,"b:232:48:232:82:232:82:232:Infinity":23,"s:233:30:233:Infinity":67,"s:236:2:277:Infinity":68,"s:237:19:237:Infinity":69,"s:238:4:238:Infinity":70,"b:241:4:243:Infinity:undefined:undefined:undefined:undefined":24,"s:241:4:243:Infinity":71,"s:242:6:242:Infinity":72,"b:246:4:248:Infinity:undefined:undefined:undefined:undefined":25,"s:246:4:248:Infinity":73,"b:246:8:246:32:246:32:246:60":26,"s:247:6:247:Infinity":74,"f:247:30:247:35":9,"s:247:35:247:79":75,"b:250:4:272:Infinity:undefined:undefined:undefined:undefined":27,"s:250:4:272:Infinity":76,"s:252:28:252:Infinity":77,"s:255:6:262:Infinity":78,"s:264:6:271:Infinity":79,"s:275:4:275:Infinity":80,"s:276:4:276:Infinity":81,"s:279:24:279:Infinity":82,"s:282:2:289:Infinity":83,"b:291:2:293:Infinity:undefined:undefined:undefined:undefined":28,"s:291:2:293:Infinity":84,"s:292:4:292:Infinity":85,"s:295:2:302:Infinity":86,"f:308:16:308:Infinity":10,"b:311:37:311:Infinity":29,"s:313:38:313:Infinity":87,"s:314:20:314:Infinity":88,"s:315:37:315:Infinity":89,"s:317:25:317:Infinity":90,"b:319:2:329:Infinity:undefined:undefined:undefined:undefined":30,"s:319:2:329:Infinity":91,"s:321:4:328:Infinity":92,"s:331:8:331:Infinity":93,"b:333:2:336:Infinity:undefined:undefined:undefined:undefined":31,"s:333:2:336:Infinity":94,"s:334:4:334:Infinity":95,"s:335:4:335:Infinity":96,"s:338:6:338:Infinity":97,"b:338:48:338:82:338:82:338:Infinity":32,"s:339:30:339:Infinity":98,"s:341:2:395:Infinity":99,"b:342:4:362:Infinity:undefined:undefined:undefined:undefined":33,"s:342:4:362:Infinity":100,"s:344:38:351:Infinity":101,"s:352:6:352:Infinity":102,"s:354:6:361:Infinity":103,"s:364:4:394:Infinity":104,"s:365:6:365:Infinity":105,"s:366:6:366:Infinity":106,"s:368:6:374:Infinity":107,"s:376:27:376:Infinity":108,"b:376:52:376:68:376:68:376:Infinity":34,"s:377:6:384:Infinity":109,"s:386:6:393:Infinity":110,"s:397:24:397:Infinity":111,"s:400:2:407:Infinity":112,"s:409:2:416:Infinity":113,"f:422:16:422:48":11,"s:423:2:431:Infinity":114,"s:424:16:424:Infinity":115,"b:425:4:427:Infinity:undefined:undefined:undefined:undefined":35,"s:425:4:427:Infinity":116,"s:426:6:426:Infinity":117,"s:428:4:428:Infinity":118,"s:430:4:430:Infinity":119,"f:437:16:437:29":12,"s:438:2:450:Infinity":120,"s:439:16:439:Infinity":121,"s:440:4:440:Infinity":122,"s:443:4:445:Infinity":123,"s:444:6:444:Infinity":124,"s:447:4:447:Infinity":125,"f:456:16:456:42":13,"s:457:2:461:Infinity":126,"s:458:4:458:Infinity":127,"f:467:16:467:46":14,"s:468:14:468:Infinity":128,"b:470:2:472:Infinity:undefined:undefined:undefined:undefined":36,"s:470:2:472:Infinity":129,"s:471:4:471:Infinity":130,"s:474:21:474:Infinity":131,"f:474:40:474:45":15,"s:474:45:474:54":132,"s:475:17:475:Infinity":133,"f:475:36:475:41":16,"s:475:41:475:51":134,"s:476:20:476:Infinity":135,"s:478:2:485:Infinity":136,"f:491:16:491:31":17,"s:492:18:492:Infinity":137,"s:493:2:493:Infinity":138,"f:499:16:499:44":18,"s:500:2:500:Infinity":139}}}
,"C:\\Users\\brand\\OneDrive\\Documents\\Farm Idle Game\\src\\utils\\migrations\\types.ts": {"path":"C:\\Users\\brand\\OneDrive\\Documents\\Farm Idle Game\\src\\utils\\migrations\\types.ts","statementMap":{"0":{"start":{"line":152,"column":2},"end":{"line":157,"column":null}},"1":{"start":{"line":165,"column":2},"end":{"line":170,"column":null}}},"fnMap":{"0":{"name":"hasVersionMetadata","decl":{"start":{"line":151,"column":16},"end":{"line":151,"column":35}},"loc":{"start":{"line":151,"column":77},"end":{"line":159,"column":null}},"line":151},"1":{"name":"isLegacySaveData","decl":{"start":{"line":164,"column":16},"end":{"line":164,"column":33}},"loc":{"start":{"line":164,"column":57},"end":{"line":172,"column":null}},"line":164}},"branchMap":{"0":{"loc":{"start":{"line":153,"column":4},"end":{"line":157,"column":null}},"type":"binary-expr","locations":[{"start":{"line":153,"column":4},"end":{"line":153,"column":null}},{"start":{"line":154,"column":4},"end":{"line":154,"column":null}},{"start":{"line":155,"column":4},"end":{"line":155,"column":null}},{"start":{"line":156,"column":4},"end":{"line":156,"column":null}},{"start":{"line":157,"column":4},"end":{"line":157,"column":null}}],"line":153},"1":{"loc":{"start":{"line":166,"column":4},"end":{"line":170,"column":null}},"type":"binary-expr","locations":[{"start":{"line":166,"column":4},"end":{"line":166,"column":null}},{"start":{"line":167,"column":4},"end":{"line":167,"column":null}},{"start":{"line":168,"column":4},"end":{"line":168,"column":null}},{"start":{"line":169,"column":4},"end":{"line":169,"column":null}},{"start":{"line":170,"column":4},"end":{"line":170,"column":null}}],"line":166}},"s":{"0":44,"1":25},"f":{"0":44,"1":25},"b":{"0":[44,39,37,7,7],"1":[25,20,18,16,16]},"meta":{"lastBranch":2,"lastFunction":2,"lastStatement":2,"seen":{"f:151:16:151:35":0,"s:152:2:157:Infinity":0,"b:153:4:153:Infinity:154:4:154:Infinity:155:4:155:Infinity:156:4:156:Infinity:157:4:157:Infinity":0,"f:164:16:164:33":1,"s:165:2:170:Infinity":1,"b:166:4:166:Infinity:167:4:167:Infinity:168:4:168:Infinity:169:4:169:Infinity:170:4:170:Infinity":1}}}
}
