{"C:\\Users\\brand\\OneDrive\\Documents\\Farm Idle Game\\src\\components\\ProgressBar.tsx": {"path":"C:\\Users\\brand\\OneDrive\\Documents\\Farm Idle Game\\src\\components\\ProgressBar.tsx","statementMap":{"0":{"start":{"line":10,"column":48},"end":{"line":26,"column":null}},"1":{"start":{"line":11,"column":2},"end":{"line":26,"column":null}}},"fnMap":{"0":{"name":"(anonymous_0)","decl":{"start":{"line":10,"column":48},"end":{"line":10,"column":49}},"loc":{"start":{"line":11,"column":2},"end":{"line":26,"column":null}},"line":11}},"branchMap":{"0":{"loc":{"start":{"line":10,"column":58},"end":{"line":10,"column":69}},"type":"default-arg","locations":[{"start":{"line":10,"column":64},"end":{"line":10,"column":69}}],"line":10},"1":{"loc":{"start":{"line":14,"column":24},"end":{"line":14,"column":64}},"type":"cond-expr","locations":[{"start":{"line":14,"column":53},"end":{"line":14,"column":62}},{"start":{"line":14,"column":62},"end":{"line":14,"column":64}}],"line":14},"2":{"loc":{"start":{"line":20,"column":20},"end":{"line":20,"column":null}},"type":"binary-expr","locations":[{"start":{"line":20,"column":20},"end":{"line":20,"column":29}},{"start":{"line":20,"column":29},"end":{"line":20,"column":null}}],"line":20}},"s":{"0":2,"1":20},"f":{"0":20},"b":{"0":[20],"1":[1,19],"2":[20,19]},"meta":{"lastBranch":3,"lastFunction":1,"lastStatement":2,"seen":{"s:10:48:26:Infinity":0,"f:10:48:10:49":0,"s:11:2:26:Infinity":1,"b:10:64:10:69":0,"b:14:53:14:62:14:62:14:64":1,"b:20:20:20:29:20:29:20:Infinity":2}}}
,"C:\\Users\\brand\\OneDrive\\Documents\\Farm Idle Game\\src\\components\\VeggiePanel.tsx": {"path":"C:\\Users\\brand\\OneDrive\\Documents\\Farm Idle Game\\src\\components\\VeggiePanel.tsx","statementMap":{"0":{"start":{"line":13,"column":48},"end":{"line":45,"column":null}},"1":{"start":{"line":14,"column":2},"end":{"line":45,"column":null}}},"fnMap":{"0":{"name":"(anonymous_0)","decl":{"start":{"line":13,"column":48},"end":{"line":13,"column":49}},"loc":{"start":{"line":14,"column":2},"end":{"line":45,"column":null}},"line":14}},"branchMap":{"0":{"loc":{"start":{"line":28,"column":22},"end":{"line":28,"column":null}},"type":"cond-expr","locations":[{"start":{"line":28,"column":36},"end":{"line":28,"column":48}},{"start":{"line":28,"column":48},"end":{"line":28,"column":null}}],"line":28},"1":{"loc":{"start":{"line":37,"column":15},"end":{"line":37,"column":null}},"type":"cond-expr","locations":[{"start":{"line":37,"column":29},"end":{"line":37,"column":70}},{"start":{"line":37,"column":70},"end":{"line":37,"column":null}}],"line":37},"2":{"loc":{"start":{"line":39,"column":9},"end":{"line":39,"column":null}},"type":"cond-expr","locations":[{"start":{"line":39,"column":23},"end":{"line":39,"column":35}},{"start":{"line":39,"column":35},"end":{"line":39,"column":null}}],"line":39},"3":{"loc":{"start":{"line":42,"column":9},"end":{"line":42,"column":null}},"type":"cond-expr","locations":[{"start":{"line":42,"column":23},"end":{"line":42,"column":42}},{"start":{"line":42,"column":42},"end":{"line":42,"column":null}}],"line":42}},"s":{"0":2,"1":16},"f":{"0":16},"b":{"0":[2,14],"1":[2,14],"2":[2,14],"3":[2,14]},"meta":{"lastBranch":4,"lastFunction":1,"lastStatement":2,"seen":{"s:13:48:45:Infinity":0,"f:13:48:13:49":0,"s:14:2:45:Infinity":1,"b:28:36:28:48:28:48:28:Infinity":0,"b:37:29:37:70:37:70:37:Infinity":1,"b:39:23:39:35:39:35:39:Infinity":2,"b:42:23:42:42:42:42:42:Infinity":3}}}
,"C:\\Users\\brand\\OneDrive\\Documents\\Farm Idle Game\\src\\context\\ArchieContext.tsx": {"path":"C:\\Users\\brand\\OneDrive\\Documents\\Farm Idle Game\\src\\context\\ArchieContext.tsx","statementMap":{"0":{"start":{"line":18,"column":23},"end":{"line":18,"column":null}},"1":{"start":{"line":20,"column":6},"end":{"line":20,"column":null}},"2":{"start":{"line":22,"column":71},"end":{"line":183,"column":null}},"3":{"start":{"line":23,"column":40},"end":{"line":23,"column":null}},"4":{"start":{"line":24,"column":38},"end":{"line":24,"column":null}},"5":{"start":{"line":25,"column":40},"end":{"line":25,"column":null}},"6":{"start":{"line":26,"column":48},"end":{"line":26,"column":null}},"7":{"start":{"line":27,"column":38},"end":{"line":27,"column":null}},"8":{"start":{"line":30,"column":26},"end":{"line":54,"column":null}},"9":{"start":{"line":31,"column":4},"end":{"line":53,"column":null}},"10":{"start":{"line":32,"column":6},"end":{"line":50,"column":null}},"11":{"start":{"line":33,"column":28},"end":{"line":33,"column":null}},"12":{"start":{"line":34,"column":8},"end":{"line":34,"column":null}},"13":{"start":{"line":37,"column":8},"end":{"line":39,"column":null}},"14":{"start":{"line":38,"column":10},"end":{"line":38,"column":null}},"15":{"start":{"line":41,"column":8},"end":{"line":43,"column":null}},"16":{"start":{"line":42,"column":10},"end":{"line":42,"column":null}},"17":{"start":{"line":45,"column":8},"end":{"line":47,"column":null}},"18":{"start":{"line":46,"column":10},"end":{"line":46,"column":null}},"19":{"start":{"line":49,"column":8},"end":{"line":49,"column":null}},"20":{"start":{"line":52,"column":6},"end":{"line":52,"column":null}},"21":{"start":{"line":57,"column":29},"end":{"line":59,"column":null}},"22":{"start":{"line":58,"column":4},"end":{"line":58,"column":null}},"23":{"start":{"line":62,"column":28},"end":{"line":115,"column":null}},"24":{"start":{"line":64,"column":24},"end":{"line":64,"column":null}},"25":{"start":{"line":67,"column":20},"end":{"line":67,"column":null}},"26":{"start":{"line":68,"column":4},"end":{"line":70,"column":null}},"27":{"start":{"line":69,"column":6},"end":{"line":69,"column":null}},"28":{"start":{"line":71,"column":4},"end":{"line":71,"column":null}},"29":{"start":{"line":74,"column":4},"end":{"line":74,"column":null}},"30":{"start":{"line":77,"column":21},"end":{"line":77,"column":null}},"31":{"start":{"line":79,"column":4},"end":{"line":92,"column":null}},"32":{"start":{"line":81,"column":26},"end":{"line":81,"column":null}},"33":{"start":{"line":82,"column":31},"end":{"line":82,"column":null}},"34":{"start":{"line":83,"column":26},"end":{"line":83,"column":null}},"35":{"start":{"line":87,"column":6},"end":{"line":87,"column":null}},"36":{"start":{"line":90,"column":25},"end":{"line":90,"column":null}},"37":{"start":{"line":91,"column":6},"end":{"line":91,"column":null}},"38":{"start":{"line":94,"column":29},"end":{"line":94,"column":null}},"39":{"start":{"line":95,"column":29},"end":{"line":95,"column":null}},"40":{"start":{"line":97,"column":19},"end":{"line":97,"column":null}},"41":{"start":{"line":100,"column":4},"end":{"line":100,"column":null}},"42":{"start":{"line":103,"column":4},"end":{"line":103,"column":null}},"43":{"start":{"line":106,"column":4},"end":{"line":106,"column":null}},"44":{"start":{"line":109,"column":4},"end":{"line":114,"column":null}},"45":{"start":{"line":110,"column":6},"end":{"line":110,"column":null}},"46":{"start":{"line":111,"column":6},"end":{"line":111,"column":null}},"47":{"start":{"line":113,"column":6},"end":{"line":113,"column":null}},"48":{"start":{"line":118,"column":2},"end":{"line":127,"column":null}},"49":{"start":{"line":119,"column":4},"end":{"line":126,"column":null}},"50":{"start":{"line":120,"column":24},"end":{"line":120,"column":null}},"51":{"start":{"line":121,"column":6},"end":{"line":123,"column":null}},"52":{"start":{"line":122,"column":8},"end":{"line":122,"column":null}},"53":{"start":{"line":125,"column":6},"end":{"line":125,"column":null}},"54":{"start":{"line":130,"column":2},"end":{"line":154,"column":null}},"55":{"start":{"line":131,"column":4},"end":{"line":153,"column":null}},"56":{"start":{"line":132,"column":26},"end":{"line":132,"column":null}},"57":{"start":{"line":133,"column":6},"end":{"line":135,"column":null}},"58":{"start":{"line":134,"column":8},"end":{"line":134,"column":null}},"59":{"start":{"line":138,"column":24},"end":{"line":138,"column":null}},"60":{"start":{"line":139,"column":6},"end":{"line":144,"column":null}},"61":{"start":{"line":140,"column":25},"end":{"line":140,"column":null}},"62":{"start":{"line":141,"column":8},"end":{"line":143,"column":null}},"63":{"start":{"line":142,"column":10},"end":{"line":142,"column":null}},"64":{"start":{"line":147,"column":32},"end":{"line":147,"column":null}},"65":{"start":{"line":148,"column":6},"end":{"line":150,"column":null}},"66":{"start":{"line":149,"column":8},"end":{"line":149,"column":null}},"67":{"start":{"line":152,"column":6},"end":{"line":152,"column":null}},"68":{"start":{"line":157,"column":2},"end":{"line":163,"column":null}},"69":{"start":{"line":158,"column":4},"end":{"line":162,"column":null}},"70":{"start":{"line":159,"column":6},"end":{"line":159,"column":null}},"71":{"start":{"line":161,"column":6},"end":{"line":161,"column":null}},"72":{"start":{"line":165,"column":2},"end":{"line":181,"column":null}},"73":{"start":{"line":185,"column":25},"end":{"line":191,"column":null}},"74":{"start":{"line":186,"column":8},"end":{"line":186,"column":null}},"75":{"start":{"line":187,"column":2},"end":{"line":189,"column":null}},"76":{"start":{"line":188,"column":4},"end":{"line":188,"column":null}},"77":{"start":{"line":190,"column":2},"end":{"line":190,"column":null}}},"fnMap":{"0":{"name":"(anonymous_0)","decl":{"start":{"line":22,"column":71},"end":{"line":22,"column":72}},"loc":{"start":{"line":22,"column":89},"end":{"line":183,"column":null}},"line":22},"1":{"name":"(anonymous_1)","decl":{"start":{"line":30,"column":26},"end":{"line":30,"column":32}},"loc":{"start":{"line":30,"column":32},"end":{"line":54,"column":null}},"line":30},"2":{"name":"(anonymous_2)","decl":{"start":{"line":37,"column":55},"end":{"line":37,"column":61}},"loc":{"start":{"line":37,"column":61},"end":{"line":39,"column":9}},"line":37},"3":{"name":"(anonymous_3)","decl":{"start":{"line":41,"column":46},"end":{"line":41,"column":47}},"loc":{"start":{"line":41,"column":53},"end":{"line":43,"column":9}},"line":41},"4":{"name":"(anonymous_4)","decl":{"start":{"line":45,"column":33},"end":{"line":45,"column":34}},"loc":{"start":{"line":45,"column":44},"end":{"line":47,"column":9}},"line":45},"5":{"name":"(anonymous_5)","decl":{"start":{"line":57,"column":29},"end":{"line":57,"column":35}},"loc":{"start":{"line":57,"column":35},"end":{"line":59,"column":null}},"line":57},"6":{"name":"(anonymous_6)","decl":{"start":{"line":62,"column":28},"end":{"line":62,"column":29}},"loc":{"start":{"line":62,"column":107},"end":{"line":115,"column":null}},"line":62},"7":{"name":"(anonymous_7)","decl":{"start":{"line":118,"column":12},"end":{"line":118,"column":18}},"loc":{"start":{"line":118,"column":18},"end":{"line":127,"column":5}},"line":118},"8":{"name":"(anonymous_8)","decl":{"start":{"line":130,"column":12},"end":{"line":130,"column":18}},"loc":{"start":{"line":130,"column":18},"end":{"line":154,"column":5}},"line":130},"9":{"name":"(anonymous_9)","decl":{"start":{"line":157,"column":12},"end":{"line":157,"column":18}},"loc":{"start":{"line":157,"column":18},"end":{"line":163,"column":5}},"line":157},"10":{"name":"(anonymous_10)","decl":{"start":{"line":185,"column":25},"end":{"line":185,"column":31}},"loc":{"start":{"line":185,"column":31},"end":{"line":191,"column":null}},"line":185}},"branchMap":{"0":{"loc":{"start":{"line":31,"column":4},"end":{"line":53,"column":null}},"type":"if","locations":[{"start":{"line":31,"column":4},"end":{"line":53,"column":null}},{"start":{"line":51,"column":11},"end":{"line":53,"column":null}}],"line":31},"1":{"loc":{"start":{"line":68,"column":4},"end":{"line":70,"column":null}},"type":"if","locations":[{"start":{"line":68,"column":4},"end":{"line":70,"column":null}},{"start":{},"end":{}}],"line":68},"2":{"loc":{"start":{"line":79,"column":4},"end":{"line":92,"column":null}},"type":"if","locations":[{"start":{"line":79,"column":4},"end":{"line":92,"column":null}},{"start":{},"end":{}}],"line":79},"3":{"loc":{"start":{"line":121,"column":6},"end":{"line":123,"column":null}},"type":"if","locations":[{"start":{"line":121,"column":6},"end":{"line":123,"column":null}},{"start":{},"end":{}}],"line":121},"4":{"loc":{"start":{"line":133,"column":6},"end":{"line":135,"column":null}},"type":"if","locations":[{"start":{"line":133,"column":6},"end":{"line":135,"column":null}},{"start":{},"end":{}}],"line":133},"5":{"loc":{"start":{"line":139,"column":6},"end":{"line":144,"column":null}},"type":"if","locations":[{"start":{"line":139,"column":6},"end":{"line":144,"column":null}},{"start":{},"end":{}}],"line":139},"6":{"loc":{"start":{"line":141,"column":8},"end":{"line":143,"column":null}},"type":"if","locations":[{"start":{"line":141,"column":8},"end":{"line":143,"column":null}},{"start":{},"end":{}}],"line":141},"7":{"loc":{"start":{"line":148,"column":6},"end":{"line":150,"column":null}},"type":"if","locations":[{"start":{"line":148,"column":6},"end":{"line":150,"column":null}},{"start":{},"end":{}}],"line":148},"8":{"loc":{"start":{"line":187,"column":2},"end":{"line":189,"column":null}},"type":"if","locations":[{"start":{"line":187,"column":2},"end":{"line":189,"column":null}},{"start":{},"end":{}}],"line":187}},"s":{"0":2,"1":2,"2":2,"3":49,"4":49,"5":49,"6":49,"7":49,"8":49,"9":15,"10":14,"11":14,"12":14,"13":14,"14":0,"15":14,"16":0,"17":14,"18":1,"19":0,"20":1,"21":49,"22":3,"23":49,"24":12,"25":12,"26":12,"27":2,"28":12,"29":12,"30":12,"31":12,"32":3,"33":3,"34":3,"35":3,"36":3,"37":3,"38":12,"39":12,"40":12,"41":12,"42":12,"43":12,"44":12,"45":12,"46":12,"47":1,"48":49,"49":22,"50":22,"51":22,"52":4,"53":0,"54":49,"55":22,"56":22,"57":22,"58":4,"59":22,"60":22,"61":4,"62":4,"63":1,"64":22,"65":22,"66":3,"67":0,"68":49,"69":25,"70":25,"71":1,"72":49,"73":2,"74":39,"75":39,"76":2,"77":36},"f":{"0":49,"1":15,"2":0,"3":0,"4":1,"5":3,"6":12,"7":22,"8":22,"9":25,"10":39},"b":{"0":[14,1],"1":[2,10],"2":[3,9],"3":[4,18],"4":[4,18],"5":[4,18],"6":[1,3],"7":[3,19],"8":[2,37]},"meta":{"lastBranch":9,"lastFunction":11,"lastStatement":78,"seen":{"s:18:23:18:Infinity":0,"s:20:6:20:Infinity":1,"s:22:71:183:Infinity":2,"f:22:71:22:72":0,"s:23:40:23:Infinity":3,"s:24:38:24:Infinity":4,"s:25:40:25:Infinity":5,"s:26:48:26:Infinity":6,"s:27:38:27:Infinity":7,"s:30:26:54:Infinity":8,"f:30:26:30:32":1,"b:31:4:53:Infinity:51:11:53:Infinity":0,"s:31:4:53:Infinity":9,"s:32:6:50:Infinity":10,"s:33:28:33:Infinity":11,"s:34:8:34:Infinity":12,"s:37:8:39:Infinity":13,"f:37:55:37:61":2,"s:38:10:38:Infinity":14,"s:41:8:43:Infinity":15,"f:41:46:41:47":3,"s:42:10:42:Infinity":16,"s:45:8:47:Infinity":17,"f:45:33:45:34":4,"s:46:10:46:Infinity":18,"s:49:8:49:Infinity":19,"s:52:6:52:Infinity":20,"s:57:29:59:Infinity":21,"f:57:29:57:35":5,"s:58:4:58:Infinity":22,"s:62:28:115:Infinity":23,"f:62:28:62:29":6,"s:64:24:64:Infinity":24,"s:67:20:67:Infinity":25,"b:68:4:70:Infinity:undefined:undefined:undefined:undefined":1,"s:68:4:70:Infinity":26,"s:69:6:69:Infinity":27,"s:71:4:71:Infinity":28,"s:74:4:74:Infinity":29,"s:77:21:77:Infinity":30,"b:79:4:92:Infinity:undefined:undefined:undefined:undefined":2,"s:79:4:92:Infinity":31,"s:81:26:81:Infinity":32,"s:82:31:82:Infinity":33,"s:83:26:83:Infinity":34,"s:87:6:87:Infinity":35,"s:90:25:90:Infinity":36,"s:91:6:91:Infinity":37,"s:94:29:94:Infinity":38,"s:95:29:95:Infinity":39,"s:97:19:97:Infinity":40,"s:100:4:100:Infinity":41,"s:103:4:103:Infinity":42,"s:106:4:106:Infinity":43,"s:109:4:114:Infinity":44,"s:110:6:110:Infinity":45,"s:111:6:111:Infinity":46,"s:113:6:113:Infinity":47,"s:118:2:127:Infinity":48,"f:118:12:118:18":7,"s:119:4:126:Infinity":49,"s:120:24:120:Infinity":50,"b:121:6:123:Infinity:undefined:undefined:undefined:undefined":3,"s:121:6:123:Infinity":51,"s:122:8:122:Infinity":52,"s:125:6:125:Infinity":53,"s:130:2:154:Infinity":54,"f:130:12:130:18":8,"s:131:4:153:Infinity":55,"s:132:26:132:Infinity":56,"b:133:6:135:Infinity:undefined:undefined:undefined:undefined":4,"s:133:6:135:Infinity":57,"s:134:8:134:Infinity":58,"s:138:24:138:Infinity":59,"b:139:6:144:Infinity:undefined:undefined:undefined:undefined":5,"s:139:6:144:Infinity":60,"s:140:25:140:Infinity":61,"b:141:8:143:Infinity:undefined:undefined:undefined:undefined":6,"s:141:8:143:Infinity":62,"s:142:10:142:Infinity":63,"s:147:32:147:Infinity":64,"b:148:6:150:Infinity:undefined:undefined:undefined:undefined":7,"s:148:6:150:Infinity":65,"s:149:8:149:Infinity":66,"s:152:6:152:Infinity":67,"s:157:2:163:Infinity":68,"f:157:12:157:18":9,"s:158:4:162:Infinity":69,"s:159:6:159:Infinity":70,"s:161:6:161:Infinity":71,"s:165:2:181:Infinity":72,"s:185:25:191:Infinity":73,"f:185:25:185:31":10,"s:186:8:186:Infinity":74,"b:187:2:189:Infinity:undefined:undefined:undefined:undefined":8,"s:187:2:189:Infinity":75,"s:188:4:188:Infinity":76,"s:190:2:190:Infinity":77}}}
,"C:\\Users\\brand\\OneDrive\\Documents\\Farm Idle Game\\src\\utils\\saveSystem.ts": {"path":"C:\\Users\\brand\\OneDrive\\Documents\\Farm Idle Game\\src\\utils\\saveSystem.ts","statementMap":{"0":{"start":{"line":54,"column":24},"end":{"line":54,"column":null}},"1":{"start":{"line":55,"column":25},"end":{"line":55,"column":null}},"2":{"start":{"line":59,"column":2},"end":{"line":69,"column":null}},"3":{"start":{"line":60,"column":16},"end":{"line":60,"column":null}},"4":{"start":{"line":61,"column":4},"end":{"line":61,"column":null}},"5":{"start":{"line":61,"column":14},"end":{"line":61,"column":null}},"6":{"start":{"line":63,"column":19},"end":{"line":63,"column":null}},"7":{"start":{"line":66,"column":4},"end":{"line":66,"column":null}},"8":{"start":{"line":68,"column":4},"end":{"line":68,"column":null}},"9":{"start":{"line":74,"column":2},"end":{"line":82,"column":null}},"10":{"start":{"line":75,"column":24},"end":{"line":78,"column":null}},"11":{"start":{"line":79,"column":4},"end":{"line":79,"column":null}},"12":{"start":{"line":81,"column":4},"end":{"line":81,"column":null}},"13":{"start":{"line":88,"column":2},"end":{"line":231,"column":null}},"14":{"start":{"line":89,"column":46},"end":{"line":177,"column":null}},"15":{"start":{"line":90,"column":46},"end":{"line":106,"column":8}},"16":{"start":{"line":94,"column":52},"end":{"line":98,"column":10}},"17":{"start":{"line":180,"column":4},"end":{"line":228,"column":null}},"18":{"start":{"line":182,"column":6},"end":{"line":182,"column":null}},"19":{"start":{"line":183,"column":6},"end":{"line":183,"column":null}},"20":{"start":{"line":186,"column":6},"end":{"line":191,"column":null}},"21":{"start":{"line":187,"column":8},"end":{"line":187,"column":null}},"22":{"start":{"line":188,"column":8},"end":{"line":190,"column":null}},"23":{"start":{"line":189,"column":10},"end":{"line":189,"column":null}},"24":{"start":{"line":194,"column":6},"end":{"line":203,"column":null}},"25":{"start":{"line":195,"column":8},"end":{"line":202,"column":null}},"26":{"start":{"line":196,"column":33},"end":{"line":196,"column":null}},"27":{"start":{"line":196,"column":72},"end":{"line":196,"column":96}},"28":{"start":{"line":197,"column":10},"end":{"line":201,"column":null}},"29":{"start":{"line":198,"column":12},"end":{"line":198,"column":null}},"30":{"start":{"line":199,"column":12},"end":{"line":199,"column":null}},"31":{"start":{"line":200,"column":12},"end":{"line":200,"column":null}},"32":{"start":{"line":206,"column":6},"end":{"line":211,"column":null}},"33":{"start":{"line":207,"column":8},"end":{"line":210,"column":null}},"34":{"start":{"line":214,"column":6},"end":{"line":227,"column":null}},"35":{"start":{"line":215,"column":8},"end":{"line":226,"column":null}},"36":{"start":{"line":217,"column":10},"end":{"line":224,"column":null}},"37":{"start":{"line":218,"column":27},"end":{"line":218,"column":null}},"38":{"start":{"line":218,"column":65},"end":{"line":218,"column":90}},"39":{"start":{"line":219,"column":39},"end":{"line":219,"column":null}},"40":{"start":{"line":220,"column":12},"end":{"line":223,"column":null}},"41":{"start":{"line":225,"column":10},"end":{"line":225,"column":null}},"42":{"start":{"line":230,"column":4},"end":{"line":230,"column":null}},"43":{"start":{"line":234,"column":2},"end":{"line":236,"column":null}},"44":{"start":{"line":235,"column":4},"end":{"line":235,"column":null}},"45":{"start":{"line":235,"column":70},"end":{"line":235,"column":80}},"46":{"start":{"line":239,"column":2},"end":{"line":241,"column":null}},"47":{"start":{"line":240,"column":4},"end":{"line":240,"column":null}},"48":{"start":{"line":244,"column":2},"end":{"line":244,"column":null}},"49":{"start":{"line":246,"column":2},"end":{"line":246,"column":null}},"50":{"start":{"line":251,"column":2},"end":{"line":271,"column":null}},"51":{"start":{"line":253,"column":4},"end":{"line":255,"column":null}},"52":{"start":{"line":254,"column":6},"end":{"line":254,"column":null}},"53":{"start":{"line":256,"column":4},"end":{"line":260,"column":null}},"54":{"start":{"line":258,"column":26},"end":{"line":258,"column":null}},"55":{"start":{"line":259,"column":6},"end":{"line":259,"column":null}},"56":{"start":{"line":261,"column":4},"end":{"line":263,"column":null}},"57":{"start":{"line":262,"column":6},"end":{"line":262,"column":null}},"58":{"start":{"line":264,"column":4},"end":{"line":268,"column":null}},"59":{"start":{"line":266,"column":26},"end":{"line":266,"column":null}},"60":{"start":{"line":267,"column":6},"end":{"line":267,"column":null}},"61":{"start":{"line":270,"column":4},"end":{"line":270,"column":null}},"62":{"start":{"line":275,"column":2},"end":{"line":302,"column":null}},"63":{"start":{"line":277,"column":4},"end":{"line":277,"column":null}},"64":{"start":{"line":277,"column":43},"end":{"line":277,"column":null}},"65":{"start":{"line":280,"column":27},"end":{"line":283,"column":null}},"66":{"start":{"line":285,"column":4},"end":{"line":287,"column":null}},"67":{"start":{"line":286,"column":6},"end":{"line":286,"column":null}},"68":{"start":{"line":286,"column":28},"end":{"line":286,"column":null}},"69":{"start":{"line":290,"column":4},"end":{"line":290,"column":null}},"70":{"start":{"line":290,"column":38},"end":{"line":290,"column":null}},"71":{"start":{"line":293,"column":4},"end":{"line":297,"column":null}},"72":{"start":{"line":294,"column":6},"end":{"line":294,"column":null}},"73":{"start":{"line":294,"column":53},"end":{"line":294,"column":null}},"74":{"start":{"line":295,"column":6},"end":{"line":295,"column":null}},"75":{"start":{"line":295,"column":54},"end":{"line":295,"column":null}},"76":{"start":{"line":296,"column":6},"end":{"line":296,"column":null}},"77":{"start":{"line":296,"column":61},"end":{"line":296,"column":null}},"78":{"start":{"line":299,"column":4},"end":{"line":299,"column":null}},"79":{"start":{"line":301,"column":4},"end":{"line":301,"column":null}}},"fnMap":{"0":{"name":"loadGameStateWithCanning","decl":{"start":{"line":58,"column":16},"end":{"line":58,"column":69}},"loc":{"start":{"line":58,"column":69},"end":{"line":70,"column":null}},"line":58},"1":{"name":"saveGameStateWithCanning","decl":{"start":{"line":73,"column":16},"end":{"line":73,"column":41}},"loc":{"start":{"line":73,"column":73},"end":{"line":83,"column":null}},"line":73},"2":{"name":"migrateCanningSaveData","decl":{"start":{"line":86,"column":9},"end":{"line":86,"column":32}},"loc":{"start":{"line":86,"column":78},"end":{"line":247,"column":null}},"line":86},"3":{"name":"(anonymous_3)","decl":{"start":{"line":90,"column":35},"end":{"line":90,"column":46}},"loc":{"start":{"line":90,"column":46},"end":{"line":106,"column":8}},"line":90},"4":{"name":"(anonymous_4)","decl":{"start":{"line":94,"column":44},"end":{"line":94,"column":52}},"loc":{"start":{"line":94,"column":52},"end":{"line":98,"column":10}},"line":94},"5":{"name":"(anonymous_5)","decl":{"start":{"line":188,"column":44},"end":{"line":188,"column":54}},"loc":{"start":{"line":188,"column":54},"end":{"line":190,"column":9}},"line":188},"6":{"name":"(anonymous_6)","decl":{"start":{"line":195,"column":45},"end":{"line":195,"column":61}},"loc":{"start":{"line":195,"column":61},"end":{"line":202,"column":9}},"line":195},"7":{"name":"(anonymous_7)","decl":{"start":{"line":196,"column":67},"end":{"line":196,"column":72}},"loc":{"start":{"line":196,"column":72},"end":{"line":196,"column":96}},"line":196},"8":{"name":"(anonymous_8)","decl":{"start":{"line":215,"column":86},"end":{"line":215,"column":97}},"loc":{"start":{"line":215,"column":97},"end":{"line":226,"column":9}},"line":215},"9":{"name":"(anonymous_9)","decl":{"start":{"line":218,"column":60},"end":{"line":218,"column":65}},"loc":{"start":{"line":218,"column":65},"end":{"line":218,"column":90}},"line":218},"10":{"name":"(anonymous_10)","decl":{"start":{"line":235,"column":63},"end":{"line":235,"column":70}},"loc":{"start":{"line":235,"column":70},"end":{"line":235,"column":80}},"line":235},"11":{"name":"migrateVeggieDataWithCanning","decl":{"start":{"line":250,"column":16},"end":{"line":250,"column":45}},"loc":{"start":{"line":250,"column":68},"end":{"line":272,"column":null}},"line":250},"12":{"name":"(anonymous_12)","decl":{"start":{"line":251,"column":21},"end":{"line":251,"column":31}},"loc":{"start":{"line":251,"column":31},"end":{"line":271,"column":3}},"line":251},"13":{"name":"validateCanningImport","decl":{"start":{"line":274,"column":16},"end":{"line":274,"column":38}},"loc":{"start":{"line":274,"column":76},"end":{"line":303,"column":null}},"line":274}},"branchMap":{"0":{"loc":{"start":{"line":61,"column":4},"end":{"line":61,"column":null}},"type":"if","locations":[{"start":{"line":61,"column":4},"end":{"line":61,"column":null}},{"start":{},"end":{}}],"line":61},"1":{"loc":{"start":{"line":88,"column":2},"end":{"line":231,"column":null}},"type":"if","locations":[{"start":{"line":88,"column":2},"end":{"line":231,"column":null}},{"start":{},"end":{}}],"line":88},"2":{"loc":{"start":{"line":88,"column":6},"end":{"line":88,"column":97}},"type":"binary-expr","locations":[{"start":{"line":88,"column":6},"end":{"line":88,"column":30}},{"start":{"line":88,"column":30},"end":{"line":88,"column":56}},{"start":{"line":88,"column":56},"end":{"line":88,"column":97}}],"line":88},"3":{"loc":{"start":{"line":180,"column":4},"end":{"line":228,"column":null}},"type":"if","locations":[{"start":{"line":180,"column":4},"end":{"line":228,"column":null}},{"start":{},"end":{}}],"line":180},"4":{"loc":{"start":{"line":182,"column":45},"end":{"line":182,"column":null}},"type":"binary-expr","locations":[{"start":{"line":182,"column":45},"end":{"line":182,"column":85}},{"start":{"line":182,"column":85},"end":{"line":182,"column":null}}],"line":182},"5":{"loc":{"start":{"line":183,"column":46},"end":{"line":183,"column":null}},"type":"binary-expr","locations":[{"start":{"line":183,"column":46},"end":{"line":183,"column":87}},{"start":{"line":183,"column":87},"end":{"line":183,"column":null}}],"line":183},"6":{"loc":{"start":{"line":186,"column":6},"end":{"line":191,"column":null}},"type":"if","locations":[{"start":{"line":186,"column":6},"end":{"line":191,"column":null}},{"start":{},"end":{}}],"line":186},"7":{"loc":{"start":{"line":194,"column":6},"end":{"line":203,"column":null}},"type":"if","locations":[{"start":{"line":194,"column":6},"end":{"line":203,"column":null}},{"start":{},"end":{}}],"line":194},"8":{"loc":{"start":{"line":197,"column":10},"end":{"line":201,"column":null}},"type":"if","locations":[{"start":{"line":197,"column":10},"end":{"line":201,"column":null}},{"start":{},"end":{}}],"line":197},"9":{"loc":{"start":{"line":206,"column":6},"end":{"line":211,"column":null}},"type":"if","locations":[{"start":{"line":206,"column":6},"end":{"line":211,"column":null}},{"start":{},"end":{}}],"line":206},"10":{"loc":{"start":{"line":214,"column":6},"end":{"line":227,"column":null}},"type":"if","locations":[{"start":{"line":214,"column":6},"end":{"line":227,"column":null}},{"start":{},"end":{}}],"line":214},"11":{"loc":{"start":{"line":214,"column":10},"end":{"line":214,"column":101}},"type":"binary-expr","locations":[{"start":{"line":214,"column":10},"end":{"line":214,"column":49}},{"start":{"line":214,"column":49},"end":{"line":214,"column":101}}],"line":214},"12":{"loc":{"start":{"line":217,"column":10},"end":{"line":224,"column":null}},"type":"if","locations":[{"start":{"line":217,"column":10},"end":{"line":224,"column":null}},{"start":{},"end":{}}],"line":217},"13":{"loc":{"start":{"line":219,"column":39},"end":{"line":219,"column":null}},"type":"cond-expr","locations":[{"start":{"line":219,"column":48},"end":{"line":219,"column":76}},{"start":{"line":219,"column":76},"end":{"line":219,"column":null}}],"line":219},"14":{"loc":{"start":{"line":234,"column":2},"end":{"line":236,"column":null}},"type":"if","locations":[{"start":{"line":234,"column":2},"end":{"line":236,"column":null}},{"start":{},"end":{}}],"line":234},"15":{"loc":{"start":{"line":239,"column":2},"end":{"line":241,"column":null}},"type":"if","locations":[{"start":{"line":239,"column":2},"end":{"line":241,"column":null}},{"start":{},"end":{}}],"line":239},"16":{"loc":{"start":{"line":253,"column":4},"end":{"line":255,"column":null}},"type":"if","locations":[{"start":{"line":253,"column":4},"end":{"line":255,"column":null}},{"start":{},"end":{}}],"line":253},"17":{"loc":{"start":{"line":256,"column":4},"end":{"line":260,"column":null}},"type":"if","locations":[{"start":{"line":256,"column":4},"end":{"line":260,"column":null}},{"start":{},"end":{}}],"line":256},"18":{"loc":{"start":{"line":261,"column":4},"end":{"line":263,"column":null}},"type":"if","locations":[{"start":{"line":261,"column":4},"end":{"line":263,"column":null}},{"start":{},"end":{}}],"line":261},"19":{"loc":{"start":{"line":264,"column":4},"end":{"line":268,"column":null}},"type":"if","locations":[{"start":{"line":264,"column":4},"end":{"line":268,"column":null}},{"start":{},"end":{}}],"line":264},"20":{"loc":{"start":{"line":277,"column":4},"end":{"line":277,"column":null}},"type":"if","locations":[{"start":{"line":277,"column":4},"end":{"line":277,"column":null}},{"start":{},"end":{}}],"line":277},"21":{"loc":{"start":{"line":277,"column":8},"end":{"line":277,"column":43}},"type":"binary-expr","locations":[{"start":{"line":277,"column":8},"end":{"line":277,"column":17}},{"start":{"line":277,"column":17},"end":{"line":277,"column":43}}],"line":277},"22":{"loc":{"start":{"line":286,"column":6},"end":{"line":286,"column":null}},"type":"if","locations":[{"start":{"line":286,"column":6},"end":{"line":286,"column":null}},{"start":{},"end":{}}],"line":286},"23":{"loc":{"start":{"line":290,"column":4},"end":{"line":290,"column":null}},"type":"if","locations":[{"start":{"line":290,"column":4},"end":{"line":290,"column":null}},{"start":{},"end":{}}],"line":290},"24":{"loc":{"start":{"line":293,"column":4},"end":{"line":297,"column":null}},"type":"if","locations":[{"start":{"line":293,"column":4},"end":{"line":297,"column":null}},{"start":{},"end":{}}],"line":293},"25":{"loc":{"start":{"line":294,"column":6},"end":{"line":294,"column":null}},"type":"if","locations":[{"start":{"line":294,"column":6},"end":{"line":294,"column":null}},{"start":{},"end":{}}],"line":294},"26":{"loc":{"start":{"line":295,"column":6},"end":{"line":295,"column":null}},"type":"if","locations":[{"start":{"line":295,"column":6},"end":{"line":295,"column":null}},{"start":{},"end":{}}],"line":295},"27":{"loc":{"start":{"line":296,"column":6},"end":{"line":296,"column":null}},"type":"if","locations":[{"start":{"line":296,"column":6},"end":{"line":296,"column":null}},{"start":{},"end":{}}],"line":296}},"s":{"0":2,"1":2,"2":6,"3":6,"4":6,"5":1,"6":5,"7":5,"8":1,"9":5,"10":5,"11":5,"12":2,"13":4,"14":3,"15":3,"16":3,"17":3,"18":1,"19":1,"20":1,"21":1,"22":1,"23":1,"24":1,"25":1,"26":1,"27":1,"28":1,"29":1,"30":1,"31":1,"32":1,"33":0,"34":1,"35":0,"36":0,"37":0,"38":0,"39":0,"40":0,"41":0,"42":3,"43":4,"44":4,"45":2,"46":4,"47":4,"48":4,"49":4,"50":2,"51":3,"52":2,"53":3,"54":2,"55":2,"56":3,"57":2,"58":3,"59":2,"60":2,"61":3,"62":10,"63":10,"64":4,"65":6,"66":6,"67":34,"68":2,"69":4,"70":1,"71":3,"72":2,"73":1,"74":1,"75":0,"76":1,"77":0,"78":2,"79":0},"f":{"0":6,"1":5,"2":4,"3":3,"4":3,"5":1,"6":1,"7":1,"8":0,"9":0,"10":2,"11":2,"12":3,"13":10},"b":{"0":[1,5],"1":[3,1],"2":[4,2,2],"3":[1,2],"4":[1,0],"5":[1,0],"6":[1,0],"7":[1,0],"8":[1,0],"9":[0,1],"10":[0,1],"11":[1,0],"12":[0,0],"13":[0,0],"14":[4,0],"15":[4,0],"16":[2,1],"17":[2,1],"18":[2,1],"19":[2,1],"20":[4,6],"21":[10,8],"22":[2,32],"23":[1,3],"24":[2,1],"25":[1,1],"26":[0,1],"27":[0,1]},"meta":{"lastBranch":28,"lastFunction":14,"lastStatement":80,"seen":{"s:54:24:54:Infinity":0,"s:55:25:55:Infinity":1,"f:58:16:58:69":0,"s:59:2:69:Infinity":2,"s:60:16:60:Infinity":3,"b:61:4:61:Infinity:undefined:undefined:undefined:undefined":0,"s:61:4:61:Infinity":4,"s:61:14:61:Infinity":5,"s:63:19:63:Infinity":6,"s:66:4:66:Infinity":7,"s:68:4:68:Infinity":8,"f:73:16:73:41":1,"s:74:2:82:Infinity":9,"s:75:24:78:Infinity":10,"s:79:4:79:Infinity":11,"s:81:4:81:Infinity":12,"f:86:9:86:32":2,"b:88:2:231:Infinity:undefined:undefined:undefined:undefined":1,"s:88:2:231:Infinity":13,"b:88:6:88:30:88:30:88:56:88:56:88:97":2,"s:89:46:177:Infinity":14,"f:90:35:90:46":3,"s:90:46:106:8":15,"f:94:44:94:52":4,"s:94:52:98:10":16,"b:180:4:228:Infinity:undefined:undefined:undefined:undefined":3,"s:180:4:228:Infinity":17,"s:182:6:182:Infinity":18,"b:182:45:182:85:182:85:182:Infinity":4,"s:183:6:183:Infinity":19,"b:183:46:183:87:183:87:183:Infinity":5,"b:186:6:191:Infinity:undefined:undefined:undefined:undefined":6,"s:186:6:191:Infinity":20,"s:187:8:187:Infinity":21,"s:188:8:190:Infinity":22,"f:188:44:188:54":5,"s:189:10:189:Infinity":23,"b:194:6:203:Infinity:undefined:undefined:undefined:undefined":7,"s:194:6:203:Infinity":24,"s:195:8:202:Infinity":25,"f:195:45:195:61":6,"s:196:33:196:Infinity":26,"f:196:67:196:72":7,"s:196:72:196:96":27,"b:197:10:201:Infinity:undefined:undefined:undefined:undefined":8,"s:197:10:201:Infinity":28,"s:198:12:198:Infinity":29,"s:199:12:199:Infinity":30,"s:200:12:200:Infinity":31,"b:206:6:211:Infinity:undefined:undefined:undefined:undefined":9,"s:206:6:211:Infinity":32,"s:207:8:210:Infinity":33,"b:214:6:227:Infinity:undefined:undefined:undefined:undefined":10,"s:214:6:227:Infinity":34,"b:214:10:214:49:214:49:214:101":11,"s:215:8:226:Infinity":35,"f:215:86:215:97":8,"b:217:10:224:Infinity:undefined:undefined:undefined:undefined":12,"s:217:10:224:Infinity":36,"s:218:27:218:Infinity":37,"f:218:60:218:65":9,"s:218:65:218:90":38,"s:219:39:219:Infinity":39,"b:219:48:219:76:219:76:219:Infinity":13,"s:220:12:223:Infinity":40,"s:225:10:225:Infinity":41,"s:230:4:230:Infinity":42,"b:234:2:236:Infinity:undefined:undefined:undefined:undefined":14,"s:234:2:236:Infinity":43,"s:235:4:235:Infinity":44,"f:235:63:235:70":10,"s:235:70:235:80":45,"b:239:2:241:Infinity:undefined:undefined:undefined:undefined":15,"s:239:2:241:Infinity":46,"s:240:4:240:Infinity":47,"s:244:2:244:Infinity":48,"s:246:2:246:Infinity":49,"f:250:16:250:45":11,"s:251:2:271:Infinity":50,"f:251:21:251:31":12,"b:253:4:255:Infinity:undefined:undefined:undefined:undefined":16,"s:253:4:255:Infinity":51,"s:254:6:254:Infinity":52,"b:256:4:260:Infinity:undefined:undefined:undefined:undefined":17,"s:256:4:260:Infinity":53,"s:258:26:258:Infinity":54,"s:259:6:259:Infinity":55,"b:261:4:263:Infinity:undefined:undefined:undefined:undefined":18,"s:261:4:263:Infinity":56,"s:262:6:262:Infinity":57,"b:264:4:268:Infinity:undefined:undefined:undefined:undefined":19,"s:264:4:268:Infinity":58,"s:266:26:266:Infinity":59,"s:267:6:267:Infinity":60,"s:270:4:270:Infinity":61,"f:274:16:274:38":13,"s:275:2:302:Infinity":62,"b:277:4:277:Infinity:undefined:undefined:undefined:undefined":20,"s:277:4:277:Infinity":63,"b:277:8:277:17:277:17:277:43":21,"s:277:43:277:Infinity":64,"s:280:27:283:Infinity":65,"s:285:4:287:Infinity":66,"b:286:6:286:Infinity:undefined:undefined:undefined:undefined":22,"s:286:6:286:Infinity":67,"s:286:28:286:Infinity":68,"b:290:4:290:Infinity:undefined:undefined:undefined:undefined":23,"s:290:4:290:Infinity":69,"s:290:38:290:Infinity":70,"b:293:4:297:Infinity:undefined:undefined:undefined:undefined":24,"s:293:4:297:Infinity":71,"b:294:6:294:Infinity:undefined:undefined:undefined:undefined":25,"s:294:6:294:Infinity":72,"s:294:53:294:Infinity":73,"b:295:6:295:Infinity:undefined:undefined:undefined:undefined":26,"s:295:6:295:Infinity":74,"s:295:54:295:Infinity":75,"b:296:6:296:Infinity:undefined:undefined:undefined:undefined":27,"s:296:6:296:Infinity":76,"s:296:61:296:Infinity":77,"s:299:4:299:Infinity":78,"s:301:4:301:Infinity":79}}}
}
